<?xml version="1.0" encoding="UTF-8"?>
<!-- Generated by org.testng.reporters.JUnitXMLReporter -->
<testsuite hostname="TD247E-M011.local" ignored="13" name="Default test" tests="2" failures="1" timestamp="2019-12-30T16:52:07 EET" time="39.783" errors="0">
  <testcase name="ShowAllReadingsCells" time="30.981" classname="englishArabic_TCs.ReadingsTCs">
    <failure type="org.openqa.selenium.NoSuchElementException" message="Can&amp;apos;t locate an element by this strategy: By.id: ReadingsHome">
      <![CDATA[org.openqa.selenium.NoSuchElementException: Can't locate an element by this strategy: By.id: ReadingsHome
at io.appium.java_client.pagefactory.AppiumElementLocator.findElement(AppiumElementLocator.java:126)
at io.appium.java_client.pagefactory.interceptors.InterceptorOfASingleElement.intercept(InterceptorOfASingleElement.java:59)
at io.appium.java_client.ios.IOSElement$$EnhancerByCGLIB$$d311658.click(<generated>)
at pages.PageBase.clickOn(PageBase.java:198)
at pages.AddNewReadingPage.Show_all_Celles(AddNewReadingPage.java:258)
at englishArabic_TCs.ReadingsTCs.ShowAllReadingsCells(ReadingsTCs.java:169)
at sun.reflect.NativeMethodAccessorImpl.invoke0(Native Method)
at sun.reflect.NativeMethodAccessorImpl.invoke(NativeMethodAccessorImpl.java:62)
at sun.reflect.DelegatingMethodAccessorImpl.invoke(DelegatingMethodAccessorImpl.java:43)
at java.lang.reflect.Method.invoke(Method.java:498)
at org.testng.internal.MethodInvocationHelper.invokeMethod(MethodInvocationHelper.java:133)
at org.testng.internal.TestInvoker.invokeMethod(TestInvoker.java:584)
at org.testng.internal.TestInvoker.invokeTestMethod(TestInvoker.java:172)
at org.testng.internal.MethodRunner.runInSequence(MethodRunner.java:46)
at org.testng.internal.TestInvoker$MethodInvocationAgent.invoke(TestInvoker.java:804)
at org.testng.internal.TestInvoker.invokeTestMethods(TestInvoker.java:145)
at org.testng.internal.TestMethodWorker.invokeTestMethods(TestMethodWorker.java:146)
at org.testng.internal.TestMethodWorker.run(TestMethodWorker.java:128)
at java.util.ArrayList.forEach(ArrayList.java:1257)
at org.testng.TestRunner.privateRun(TestRunner.java:770)
at org.testng.TestRunner.run(TestRunner.java:591)
at org.testng.SuiteRunner.runTest(SuiteRunner.java:402)
at org.testng.SuiteRunner.runSequentially(SuiteRunner.java:396)
at org.testng.SuiteRunner.privateRun(SuiteRunner.java:355)
at org.testng.SuiteRunner.run(SuiteRunner.java:304)
at org.testng.SuiteRunnerWorker.runSuite(SuiteRunnerWorker.java:53)
at org.testng.SuiteRunnerWorker.run(SuiteRunnerWorker.java:96)
at org.testng.TestNG.runSuitesSequentially(TestNG.java:1180)
at org.testng.TestNG.runSuitesLocally(TestNG.java:1102)
at org.testng.TestNG.runSuites(TestNG.java:1032)
at org.testng.TestNG.run(TestNG.java:1000)
at org.testng.remote.AbstractRemoteTestNG.run(AbstractRemoteTestNG.java:115)
at org.testng.remote.RemoteTestNG.initAndRun(RemoteTestNG.java:251)
at org.testng.remote.RemoteTestNG.main(RemoteTestNG.java:77)
Caused by: org.openqa.selenium.TimeoutException: Expected condition failed: waiting for io.appium.java_client.pagefactory.AppiumElementLocator$WaitingFunction@55342f40 (tried for 1 second(s) with 500 milliseconds interval)
at org.openqa.selenium.support.ui.FluentWait.timeoutException(FluentWait.java:304)
at org.openqa.selenium.support.ui.FluentWait.until(FluentWait.java:272)
at io.appium.java_client.pagefactory.AppiumElementLocator.waitFor(AppiumElementLocator.java:99)
at io.appium.java_client.pagefactory.AppiumElementLocator.findElement(AppiumElementLocator.java:119)
... 33 more
Caused by: org.openqa.selenium.NoSuchElementException: An element could not be located on the page using the given search parameters.
For documentation on this error, please visit: https://www.seleniumhq.org/exceptions/no_such_element.html
Build info: version: '3.141.59', revision: 'e82be7d358', time: '2018-11-14T08:17:03'
System info: host: 'TD247E-M011.local', ip: 'fd01:0:0:0:fc63:b167:3dbb:b96a%en0', os.name: 'Mac OS X', os.arch: 'x86_64', os.version: '10.14.6', java.version: '1.8.0_221'
Driver info: io.appium.java_client.ios.IOSDriver
Capabilities {automationName: XCUITest, browserName: , bundleId: com.axa.mydoctor, databaseEnabled: false, deviceName: iPhone 6s plus, javascriptEnabled: true, locationContextEnabled: false, networkConnectionEnabled: false, noReset: false, platform: MAC, platformName: iOS, platformVersion: 13.1.2, takesScreenshot: true, udid: 397ad5ca4c76b2e8fde361cbfef..., unicodeKeyboard: true, usePrebuiltWDA: true, webStorageEnabled: false}
Session ID: 911b8a96-51fa-424b-a485-443147d684e5
*** Element info: {Using=id, value=ReadingsHome}
at sun.reflect.GeneratedConstructorAccessor19.newInstance(Unknown Source)
at sun.reflect.DelegatingConstructorAccessorImpl.newInstance(DelegatingConstructorAccessorImpl.java:45)
at java.lang.reflect.Constructor.newInstance(Constructor.java:423)
at org.openqa.selenium.remote.http.W3CHttpResponseCodec.createException(W3CHttpResponseCodec.java:187)
at org.openqa.selenium.remote.http.W3CHttpResponseCodec.decode(W3CHttpResponseCodec.java:122)
at org.openqa.selenium.remote.http.W3CHttpResponseCodec.decode(W3CHttpResponseCodec.java:49)
at org.openqa.selenium.remote.HttpCommandExecutor.execute(HttpCommandExecutor.java:158)
at io.appium.java_client.remote.AppiumCommandExecutor.execute(AppiumCommandExecutor.java:239)
at org.openqa.selenium.remote.RemoteWebDriver.execute(RemoteWebDriver.java:552)
at io.appium.java_client.DefaultGenericMobileDriver.execute(DefaultGenericMobileDriver.java:42)
at io.appium.java_client.AppiumDriver.execute(AppiumDriver.java:1)
at io.appium.java_client.ios.IOSDriver.execute(IOSDriver.java:1)
at org.openqa.selenium.remote.RemoteWebDriver.findElement(RemoteWebDriver.java:323)
at io.appium.java_client.DefaultGenericMobileDriver.findElement(DefaultGenericMobileDriver.java:62)
at io.appium.java_client.AppiumDriver.findElement(AppiumDriver.java:1)
at io.appium.java_client.ios.IOSDriver.findElement(IOSDriver.java:1)
at org.openqa.selenium.remote.RemoteWebDriver.findElementById(RemoteWebDriver.java:372)
at io.appium.java_client.DefaultGenericMobileDriver.findElementById(DefaultGenericMobileDriver.java:70)
at io.appium.java_client.AppiumDriver.findElementById(AppiumDriver.java:1)
at io.appium.java_client.ios.IOSDriver.findElementById(IOSDriver.java:1)
at org.openqa.selenium.By$ById.findElement(By.java:188)
at org.openqa.selenium.remote.RemoteWebDriver.findElement(RemoteWebDriver.java:315)
at io.appium.java_client.DefaultGenericMobileDriver.findElement(DefaultGenericMobileDriver.java:58)
at io.appium.java_client.AppiumDriver.findElement(AppiumDriver.java:1)
at io.appium.java_client.ios.IOSDriver.findElement(IOSDriver.java:1)
at io.appium.java_client.pagefactory.bys.ContentMappedBy.findElement(ContentMappedBy.java:50)
at org.openqa.selenium.remote.RemoteWebDriver.findElement(RemoteWebDriver.java:315)
at io.appium.java_client.DefaultGenericMobileDriver.findElement(DefaultGenericMobileDriver.java:58)
at io.appium.java_client.AppiumDriver.findElement(AppiumDriver.java:1)
at io.appium.java_client.ios.IOSDriver.findElement(IOSDriver.java:1)
at io.appium.java_client.pagefactory.AppiumElementLocator.lambda$0(AppiumElementLocator.java:120)
at io.appium.java_client.pagefactory.AppiumElementLocator$WaitingFunction.apply(AppiumElementLocator.java:172)
at io.appium.java_client.pagefactory.AppiumElementLocator$WaitingFunction.apply(AppiumElementLocator.java:1)
at org.openqa.selenium.support.ui.FluentWait.until(FluentWait.java:249)
... 35 more
]]>
    </failure>
  </testcase> <!-- ShowAllReadingsCells -->
  <testcase name="Add_BloodSugar" time="0.0" classname="englishArabic_TCs.ReadingsTCs">
    <skipped/>
  </testcase> <!-- Add_BloodSugar -->
  <testcase name="Add_Bones_Mass" time="0.0" classname="englishArabic_TCs.ReadingsTCs">
    <ignored/>
  </testcase> <!-- Add_Bones_Mass -->
  <testcase name="Add_body_Water" time="0.0" classname="englishArabic_TCs.ReadingsTCs">
    <ignored/>
  </testcase> <!-- Add_body_Water -->
  <testcase name="Add_body_Fat" time="0.0" classname="englishArabic_TCs.ReadingsTCs">
    <ignored/>
  </testcase> <!-- Add_body_Fat -->
  <testcase name="Add_Muscle_Mass" time="0.0" classname="englishArabic_TCs.ReadingsTCs">
    <ignored/>
  </testcase> <!-- Add_Muscle_Mass -->
  <testcase name="Add_Temperature" time="0.0" classname="englishArabic_TCs.ReadingsTCs">
    <ignored/>
  </testcase> <!-- Add_Temperature -->
  <testcase name="Add_Respiration_Rate" time="0.0" classname="englishArabic_TCs.ReadingsTCs">
    <ignored/>
  </testcase> <!-- Add_Respiration_Rate -->
  <testcase name="Add_BMI" time="0.0" classname="englishArabic_TCs.ReadingsTCs">
    <ignored/>
  </testcase> <!-- Add_BMI -->
  <testcase name="Add_Blood_Pressure" time="0.0" classname="englishArabic_TCs.ReadingsTCs">
    <ignored/>
  </testcase> <!-- Add_Blood_Pressure -->
  <testcase name="Add_Steps" time="0.0" classname="englishArabic_TCs.ReadingsTCs">
    <ignored/>
  </testcase> <!-- Add_Steps -->
  <testcase name="Add_Oxygen_Level" time="0.0" classname="englishArabic_TCs.ReadingsTCs">
    <ignored/>
  </testcase> <!-- Add_Oxygen_Level -->
  <testcase name="Add_Fasceral_Fat" time="0.0" classname="englishArabic_TCs.ReadingsTCs">
    <ignored/>
  </testcase> <!-- Add_Fasceral_Fat -->
  <testcase name="login" time="0.0" classname="englishArabic_TCs.ReadingsTCs">
    <ignored/>
  </testcase> <!-- login -->
  <testcase name="Add_Heart_Rate" time="0.0" classname="englishArabic_TCs.ReadingsTCs">
    <ignored/>
  </testcase> <!-- Add_Heart_Rate -->
</testsuite> <!-- Default test -->
