<?xml version="1.0" encoding="UTF-8"?>
<testng-results skipped="0" failed="7" ignored="0" total="161" passed="154">
  <reporter-output>
  </reporter-output>
  <suite name="Default suite" duration-ms="3883131" started-at="2019-12-25T15:31:10 EET" finished-at="2019-12-25T16:35:53 EET">
    <groups>
    </groups>
    <test name="Default test" duration-ms="3883131" started-at="2019-12-25T15:31:10 EET" finished-at="2019-12-25T16:35:53 EET">
      <class name="englishArabic_TCs.ReadingsTCs">
        <test-method status="PASS" signature="setup()[pri:0, instance:englishArabic_TCs.ReadingsTCs@1a3869f4]" name="setup" is-config="true" duration-ms="173" started-at="2019-12-25T15:31:10 EET" finished-at="2019-12-25T15:31:10 EET">
          <reporter-output>
          </reporter-output>
        </test-method> <!-- setup -->
        <test-method status="PASS" signature="launchApp()[pri:0, instance:englishArabic_TCs.ReadingsTCs@1a3869f4]" name="launchApp" is-config="true" duration-ms="5747" started-at="2019-12-25T15:31:10 EET" finished-at="2019-12-25T15:31:15 EET">
          <reporter-output>
          </reporter-output>
        </test-method> <!-- launchApp -->
        <test-method status="PASS" signature="initializeObjects()[pri:0, instance:englishArabic_TCs.ReadingsTCs@1a3869f4]" name="initializeObjects" is-config="true" duration-ms="260" started-at="2019-12-25T15:31:15 EET" finished-at="2019-12-25T15:31:16 EET">
          <reporter-output>
          </reporter-output>
        </test-method> <!-- initializeObjects -->
        <test-method status="PASS" signature="login()[pri:1, instance:englishArabic_TCs.ReadingsTCs@1a3869f4]" name="login" duration-ms="10405" started-at="2019-12-25T15:31:16 EET" finished-at="2019-12-25T15:31:26 EET">
          <reporter-output>
          </reporter-output>
        </test-method> <!-- login -->
        <test-method status="PASS" signature="getResult(org.testng.ITestResult)[pri:0, instance:englishArabic_TCs.ReadingsTCs@1a3869f4]" name="getResult" is-config="true" duration-ms="398" started-at="2019-12-25T15:31:26 EET" finished-at="2019-12-25T15:31:27 EET">
          <params>
            <param index="0">
              <value>
                <![CDATA[[TestResult name=login status=SUCCESS method=ReadingsTCs.login()[pri:1, instance:englishArabic_TCs.ReadingsTCs@1a3869f4] output={null}]]]>
              </value>
            </param>
          </params>
          <reporter-output>
          </reporter-output>
        </test-method> <!-- getResult -->
        <test-method status="PASS" signature="ShowAllReadingsCells()[pri:2, instance:englishArabic_TCs.ReadingsTCs@1a3869f4]" name="ShowAllReadingsCells" duration-ms="37531" started-at="2019-12-25T15:31:27 EET" finished-at="2019-12-25T15:32:04 EET">
          <reporter-output>
          </reporter-output>
        </test-method> <!-- ShowAllReadingsCells -->
        <test-method status="PASS" signature="getResult(org.testng.ITestResult)[pri:0, instance:englishArabic_TCs.ReadingsTCs@1a3869f4]" name="getResult" is-config="true" duration-ms="57" started-at="2019-12-25T15:32:04 EET" finished-at="2019-12-25T15:32:04 EET">
          <params>
            <param index="0">
              <value>
                <![CDATA[[TestResult name=ShowAllReadingsCells status=SUCCESS method=ReadingsTCs.ShowAllReadingsCells()[pri:2, instance:englishArabic_TCs.ReadingsTCs@1a3869f4] output={null}]]]>
              </value>
            </param>
          </params>
          <reporter-output>
          </reporter-output>
        </test-method> <!-- getResult -->
        <test-method status="PASS" signature="Add_Steps(java.lang.String, java.lang.String)[pri:3, instance:englishArabic_TCs.ReadingsTCs@1a3869f4]" name="Add_Steps" duration-ms="18831" started-at="2019-12-25T15:32:05 EET" data-provider="Steps" depends-on-methods="englishArabic_TCs.ReadingsTCs.ShowAllReadingsCells" finished-at="2019-12-25T15:32:24 EET">
          <params>
            <param index="0">
              <value>
                <![CDATA[1000]]>
              </value>
            </param>
            <param index="1">
              <value>
                <![CDATA[Steps]]>
              </value>
            </param>
          </params>
          <reporter-output>
          </reporter-output>
        </test-method> <!-- Add_Steps -->
        <test-method status="PASS" signature="getResult(org.testng.ITestResult)[pri:0, instance:englishArabic_TCs.ReadingsTCs@1a3869f4]" name="getResult" is-config="true" duration-ms="82" started-at="2019-12-25T15:32:24 EET" finished-at="2019-12-25T15:32:24 EET">
          <params>
            <param index="0">
              <value>
                <![CDATA[[TestResult name=Add_Steps status=SUCCESS method=ReadingsTCs.Add_Steps(java.lang.String, java.lang.String)[pri:3, instance:englishArabic_TCs.ReadingsTCs@1a3869f4] output={null}]]]>
              </value>
            </param>
          </params>
          <reporter-output>
          </reporter-output>
        </test-method> <!-- getResult -->
        <test-method status="PASS" signature="Add_BloodSugar(java.lang.String, java.lang.String, java.lang.String)[pri:4, instance:englishArabic_TCs.ReadingsTCs@1a3869f4]" name="Add_BloodSugar" duration-ms="6" started-at="2019-12-25T15:32:24 EET" data-provider="Blood Sugar" depends-on-methods="englishArabic_TCs.ReadingsTCs.ShowAllReadingsCells" finished-at="2019-12-25T15:32:24 EET">
          <params>
            <param index="0">
              <value>
                <![CDATA[1]]>
              </value>
            </param>
            <param index="1">
              <value>
                <![CDATA[Before Meal]]>
              </value>
            </param>
            <param index="2">
              <value>
                <![CDATA[Low]]>
              </value>
            </param>
          </params>
          <reporter-output>
          </reporter-output>
        </test-method> <!-- Add_BloodSugar -->
        <test-method status="PASS" signature="getResult(org.testng.ITestResult)[pri:0, instance:englishArabic_TCs.ReadingsTCs@1a3869f4]" name="getResult" is-config="true" duration-ms="63" started-at="2019-12-25T15:32:24 EET" finished-at="2019-12-25T15:32:24 EET">
          <params>
            <param index="0">
              <value>
                <![CDATA[[TestResult name=Add_BloodSugar status=SUCCESS method=ReadingsTCs.Add_BloodSugar(java.lang.String, java.lang.String, java.lang.String)[pri:4, instance:englishArabic_TCs.ReadingsTCs@1a3869f4] output={null}]]]>
              </value>
            </param>
          </params>
          <reporter-output>
          </reporter-output>
        </test-method> <!-- getResult -->
        <test-method status="PASS" signature="Add_BloodSugar(java.lang.String, java.lang.String, java.lang.String)[pri:4, instance:englishArabic_TCs.ReadingsTCs@1a3869f4]" name="Add_BloodSugar" duration-ms="1" started-at="2019-12-25T15:32:24 EET" data-provider="Blood Sugar" depends-on-methods="englishArabic_TCs.ReadingsTCs.ShowAllReadingsCells" finished-at="2019-12-25T15:32:24 EET">
          <params>
            <param index="0">
              <value>
                <![CDATA[72]]>
              </value>
            </param>
            <param index="1">
              <value>
                <![CDATA[Before Meal]]>
              </value>
            </param>
            <param index="2">
              <value>
                <![CDATA[Low]]>
              </value>
            </param>
          </params>
          <reporter-output>
          </reporter-output>
        </test-method> <!-- Add_BloodSugar -->
        <test-method status="PASS" signature="getResult(org.testng.ITestResult)[pri:0, instance:englishArabic_TCs.ReadingsTCs@1a3869f4]" name="getResult" is-config="true" duration-ms="65" started-at="2019-12-25T15:32:24 EET" finished-at="2019-12-25T15:32:24 EET">
          <params>
            <param index="0">
              <value>
                <![CDATA[[TestResult name=Add_BloodSugar status=SUCCESS method=ReadingsTCs.Add_BloodSugar(java.lang.String, java.lang.String, java.lang.String)[pri:4, instance:englishArabic_TCs.ReadingsTCs@1a3869f4] output={null}]]]>
              </value>
            </param>
          </params>
          <reporter-output>
          </reporter-output>
        </test-method> <!-- getResult -->
        <test-method status="PASS" signature="Add_BloodSugar(java.lang.String, java.lang.String, java.lang.String)[pri:4, instance:englishArabic_TCs.ReadingsTCs@1a3869f4]" name="Add_BloodSugar" duration-ms="2" started-at="2019-12-25T15:32:24 EET" data-provider="Blood Sugar" depends-on-methods="englishArabic_TCs.ReadingsTCs.ShowAllReadingsCells" finished-at="2019-12-25T15:32:24 EET">
          <params>
            <param index="0">
              <value>
                <![CDATA[73]]>
              </value>
            </param>
            <param index="1">
              <value>
                <![CDATA[Before Meal]]>
              </value>
            </param>
            <param index="2">
              <value>
                <![CDATA[Normal]]>
              </value>
            </param>
          </params>
          <reporter-output>
          </reporter-output>
        </test-method> <!-- Add_BloodSugar -->
        <test-method status="PASS" signature="getResult(org.testng.ITestResult)[pri:0, instance:englishArabic_TCs.ReadingsTCs@1a3869f4]" name="getResult" is-config="true" duration-ms="51" started-at="2019-12-25T15:32:24 EET" finished-at="2019-12-25T15:32:24 EET">
          <params>
            <param index="0">
              <value>
                <![CDATA[[TestResult name=Add_BloodSugar status=SUCCESS method=ReadingsTCs.Add_BloodSugar(java.lang.String, java.lang.String, java.lang.String)[pri:4, instance:englishArabic_TCs.ReadingsTCs@1a3869f4] output={null}]]]>
              </value>
            </param>
          </params>
          <reporter-output>
          </reporter-output>
        </test-method> <!-- getResult -->
        <test-method status="PASS" signature="Add_BloodSugar(java.lang.String, java.lang.String, java.lang.String)[pri:4, instance:englishArabic_TCs.ReadingsTCs@1a3869f4]" name="Add_BloodSugar" duration-ms="1" started-at="2019-12-25T15:32:24 EET" data-provider="Blood Sugar" depends-on-methods="englishArabic_TCs.ReadingsTCs.ShowAllReadingsCells" finished-at="2019-12-25T15:32:24 EET">
          <params>
            <param index="0">
              <value>
                <![CDATA[106]]>
              </value>
            </param>
            <param index="1">
              <value>
                <![CDATA[Before Meal]]>
              </value>
            </param>
            <param index="2">
              <value>
                <![CDATA[Normal]]>
              </value>
            </param>
          </params>
          <reporter-output>
          </reporter-output>
        </test-method> <!-- Add_BloodSugar -->
        <test-method status="PASS" signature="getResult(org.testng.ITestResult)[pri:0, instance:englishArabic_TCs.ReadingsTCs@1a3869f4]" name="getResult" is-config="true" duration-ms="62" started-at="2019-12-25T15:32:24 EET" finished-at="2019-12-25T15:32:24 EET">
          <params>
            <param index="0">
              <value>
                <![CDATA[[TestResult name=Add_BloodSugar status=SUCCESS method=ReadingsTCs.Add_BloodSugar(java.lang.String, java.lang.String, java.lang.String)[pri:4, instance:englishArabic_TCs.ReadingsTCs@1a3869f4] output={null}]]]>
              </value>
            </param>
          </params>
          <reporter-output>
          </reporter-output>
        </test-method> <!-- getResult -->
        <test-method status="PASS" signature="Add_BloodSugar(java.lang.String, java.lang.String, java.lang.String)[pri:4, instance:englishArabic_TCs.ReadingsTCs@1a3869f4]" name="Add_BloodSugar" duration-ms="1" started-at="2019-12-25T15:32:24 EET" data-provider="Blood Sugar" depends-on-methods="englishArabic_TCs.ReadingsTCs.ShowAllReadingsCells" finished-at="2019-12-25T15:32:24 EET">
          <params>
            <param index="0">
              <value>
                <![CDATA[107]]>
              </value>
            </param>
            <param index="1">
              <value>
                <![CDATA[Before Meal]]>
              </value>
            </param>
            <param index="2">
              <value>
                <![CDATA[Above Normal]]>
              </value>
            </param>
          </params>
          <reporter-output>
          </reporter-output>
        </test-method> <!-- Add_BloodSugar -->
        <test-method status="PASS" signature="getResult(org.testng.ITestResult)[pri:0, instance:englishArabic_TCs.ReadingsTCs@1a3869f4]" name="getResult" is-config="true" duration-ms="56" started-at="2019-12-25T15:32:24 EET" finished-at="2019-12-25T15:32:24 EET">
          <params>
            <param index="0">
              <value>
                <![CDATA[[TestResult name=Add_BloodSugar status=SUCCESS method=ReadingsTCs.Add_BloodSugar(java.lang.String, java.lang.String, java.lang.String)[pri:4, instance:englishArabic_TCs.ReadingsTCs@1a3869f4] output={null}]]]>
              </value>
            </param>
          </params>
          <reporter-output>
          </reporter-output>
        </test-method> <!-- getResult -->
        <test-method status="PASS" signature="Add_BloodSugar(java.lang.String, java.lang.String, java.lang.String)[pri:4, instance:englishArabic_TCs.ReadingsTCs@1a3869f4]" name="Add_BloodSugar" duration-ms="4" started-at="2019-12-25T15:32:24 EET" data-provider="Blood Sugar" depends-on-methods="englishArabic_TCs.ReadingsTCs.ShowAllReadingsCells" finished-at="2019-12-25T15:32:24 EET">
          <params>
            <param index="0">
              <value>
                <![CDATA[150]]>
              </value>
            </param>
            <param index="1">
              <value>
                <![CDATA[Before Meal]]>
              </value>
            </param>
            <param index="2">
              <value>
                <![CDATA[Above Normal]]>
              </value>
            </param>
          </params>
          <reporter-output>
          </reporter-output>
        </test-method> <!-- Add_BloodSugar -->
        <test-method status="PASS" signature="getResult(org.testng.ITestResult)[pri:0, instance:englishArabic_TCs.ReadingsTCs@1a3869f4]" name="getResult" is-config="true" duration-ms="52" started-at="2019-12-25T15:32:25 EET" finished-at="2019-12-25T15:32:25 EET">
          <params>
            <param index="0">
              <value>
                <![CDATA[[TestResult name=Add_BloodSugar status=SUCCESS method=ReadingsTCs.Add_BloodSugar(java.lang.String, java.lang.String, java.lang.String)[pri:4, instance:englishArabic_TCs.ReadingsTCs@1a3869f4] output={null}]]]>
              </value>
            </param>
          </params>
          <reporter-output>
          </reporter-output>
        </test-method> <!-- getResult -->
        <test-method status="PASS" signature="Add_BloodSugar(java.lang.String, java.lang.String, java.lang.String)[pri:4, instance:englishArabic_TCs.ReadingsTCs@1a3869f4]" name="Add_BloodSugar" duration-ms="1" started-at="2019-12-25T15:32:25 EET" data-provider="Blood Sugar" depends-on-methods="englishArabic_TCs.ReadingsTCs.ShowAllReadingsCells" finished-at="2019-12-25T15:32:25 EET">
          <params>
            <param index="0">
              <value>
                <![CDATA[151]]>
              </value>
            </param>
            <param index="1">
              <value>
                <![CDATA[Before Meal]]>
              </value>
            </param>
            <param index="2">
              <value>
                <![CDATA[Above Normal]]>
              </value>
            </param>
          </params>
          <reporter-output>
          </reporter-output>
        </test-method> <!-- Add_BloodSugar -->
        <test-method status="PASS" signature="getResult(org.testng.ITestResult)[pri:0, instance:englishArabic_TCs.ReadingsTCs@1a3869f4]" name="getResult" is-config="true" duration-ms="97" started-at="2019-12-25T15:32:25 EET" finished-at="2019-12-25T15:32:25 EET">
          <params>
            <param index="0">
              <value>
                <![CDATA[[TestResult name=Add_BloodSugar status=SUCCESS method=ReadingsTCs.Add_BloodSugar(java.lang.String, java.lang.String, java.lang.String)[pri:4, instance:englishArabic_TCs.ReadingsTCs@1a3869f4] output={null}]]]>
              </value>
            </param>
          </params>
          <reporter-output>
          </reporter-output>
        </test-method> <!-- getResult -->
        <test-method status="PASS" signature="Add_BloodSugar(java.lang.String, java.lang.String, java.lang.String)[pri:4, instance:englishArabic_TCs.ReadingsTCs@1a3869f4]" name="Add_BloodSugar" duration-ms="2" started-at="2019-12-25T15:32:25 EET" data-provider="Blood Sugar" depends-on-methods="englishArabic_TCs.ReadingsTCs.ShowAllReadingsCells" finished-at="2019-12-25T15:32:25 EET">
          <params>
            <param index="0">
              <value>
                <![CDATA[180]]>
              </value>
            </param>
            <param index="1">
              <value>
                <![CDATA[Before Meal]]>
              </value>
            </param>
            <param index="2">
              <value>
                <![CDATA[Above Normal]]>
              </value>
            </param>
          </params>
          <reporter-output>
          </reporter-output>
        </test-method> <!-- Add_BloodSugar -->
        <test-method status="PASS" signature="getResult(org.testng.ITestResult)[pri:0, instance:englishArabic_TCs.ReadingsTCs@1a3869f4]" name="getResult" is-config="true" duration-ms="71" started-at="2019-12-25T15:32:25 EET" finished-at="2019-12-25T15:32:25 EET">
          <params>
            <param index="0">
              <value>
                <![CDATA[[TestResult name=Add_BloodSugar status=SUCCESS method=ReadingsTCs.Add_BloodSugar(java.lang.String, java.lang.String, java.lang.String)[pri:4, instance:englishArabic_TCs.ReadingsTCs@1a3869f4] output={null}]]]>
              </value>
            </param>
          </params>
          <reporter-output>
          </reporter-output>
        </test-method> <!-- getResult -->
        <test-method status="PASS" signature="Add_BloodSugar(java.lang.String, java.lang.String, java.lang.String)[pri:4, instance:englishArabic_TCs.ReadingsTCs@1a3869f4]" name="Add_BloodSugar" duration-ms="1" started-at="2019-12-25T15:32:25 EET" data-provider="Blood Sugar" depends-on-methods="englishArabic_TCs.ReadingsTCs.ShowAllReadingsCells" finished-at="2019-12-25T15:32:25 EET">
          <params>
            <param index="0">
              <value>
                <![CDATA[181]]>
              </value>
            </param>
            <param index="1">
              <value>
                <![CDATA[Before Meal]]>
              </value>
            </param>
            <param index="2">
              <value>
                <![CDATA[High]]>
              </value>
            </param>
          </params>
          <reporter-output>
          </reporter-output>
        </test-method> <!-- Add_BloodSugar -->
        <test-method status="PASS" signature="getResult(org.testng.ITestResult)[pri:0, instance:englishArabic_TCs.ReadingsTCs@1a3869f4]" name="getResult" is-config="true" duration-ms="73" started-at="2019-12-25T15:32:25 EET" finished-at="2019-12-25T15:32:25 EET">
          <params>
            <param index="0">
              <value>
                <![CDATA[[TestResult name=Add_BloodSugar status=SUCCESS method=ReadingsTCs.Add_BloodSugar(java.lang.String, java.lang.String, java.lang.String)[pri:4, instance:englishArabic_TCs.ReadingsTCs@1a3869f4] output={null}]]]>
              </value>
            </param>
          </params>
          <reporter-output>
          </reporter-output>
        </test-method> <!-- getResult -->
        <test-method status="PASS" signature="Add_BloodSugar(java.lang.String, java.lang.String, java.lang.String)[pri:4, instance:englishArabic_TCs.ReadingsTCs@1a3869f4]" name="Add_BloodSugar" duration-ms="1" started-at="2019-12-25T15:32:25 EET" data-provider="Blood Sugar" depends-on-methods="englishArabic_TCs.ReadingsTCs.ShowAllReadingsCells" finished-at="2019-12-25T15:32:25 EET">
          <params>
            <param index="0">
              <value>
                <![CDATA[300]]>
              </value>
            </param>
            <param index="1">
              <value>
                <![CDATA[Before Meal]]>
              </value>
            </param>
            <param index="2">
              <value>
                <![CDATA[High]]>
              </value>
            </param>
          </params>
          <reporter-output>
          </reporter-output>
        </test-method> <!-- Add_BloodSugar -->
        <test-method status="PASS" signature="getResult(org.testng.ITestResult)[pri:0, instance:englishArabic_TCs.ReadingsTCs@1a3869f4]" name="getResult" is-config="true" duration-ms="47" started-at="2019-12-25T15:32:25 EET" finished-at="2019-12-25T15:32:25 EET">
          <params>
            <param index="0">
              <value>
                <![CDATA[[TestResult name=Add_BloodSugar status=SUCCESS method=ReadingsTCs.Add_BloodSugar(java.lang.String, java.lang.String, java.lang.String)[pri:4, instance:englishArabic_TCs.ReadingsTCs@1a3869f4] output={null}]]]>
              </value>
            </param>
          </params>
          <reporter-output>
          </reporter-output>
        </test-method> <!-- getResult -->
        <test-method status="PASS" signature="Add_BloodSugar(java.lang.String, java.lang.String, java.lang.String)[pri:4, instance:englishArabic_TCs.ReadingsTCs@1a3869f4]" name="Add_BloodSugar" duration-ms="2" started-at="2019-12-25T15:32:25 EET" data-provider="Blood Sugar" depends-on-methods="englishArabic_TCs.ReadingsTCs.ShowAllReadingsCells" finished-at="2019-12-25T15:32:25 EET">
          <params>
            <param index="0">
              <value>
                <![CDATA[301]]>
              </value>
            </param>
            <param index="1">
              <value>
                <![CDATA[Before Meal]]>
              </value>
            </param>
            <param index="2">
              <value>
                <![CDATA[High]]>
              </value>
            </param>
          </params>
          <reporter-output>
          </reporter-output>
        </test-method> <!-- Add_BloodSugar -->
        <test-method status="PASS" signature="getResult(org.testng.ITestResult)[pri:0, instance:englishArabic_TCs.ReadingsTCs@1a3869f4]" name="getResult" is-config="true" duration-ms="47" started-at="2019-12-25T15:32:25 EET" finished-at="2019-12-25T15:32:25 EET">
          <params>
            <param index="0">
              <value>
                <![CDATA[[TestResult name=Add_BloodSugar status=SUCCESS method=ReadingsTCs.Add_BloodSugar(java.lang.String, java.lang.String, java.lang.String)[pri:4, instance:englishArabic_TCs.ReadingsTCs@1a3869f4] output={null}]]]>
              </value>
            </param>
          </params>
          <reporter-output>
          </reporter-output>
        </test-method> <!-- getResult -->
        <test-method status="PASS" signature="Add_BloodSugar(java.lang.String, java.lang.String, java.lang.String)[pri:4, instance:englishArabic_TCs.ReadingsTCs@1a3869f4]" name="Add_BloodSugar" duration-ms="1" started-at="2019-12-25T15:32:25 EET" data-provider="Blood Sugar" depends-on-methods="englishArabic_TCs.ReadingsTCs.ShowAllReadingsCells" finished-at="2019-12-25T15:32:25 EET">
          <params>
            <param index="0">
              <value>
                <![CDATA[900]]>
              </value>
            </param>
            <param index="1">
              <value>
                <![CDATA[Before Meal]]>
              </value>
            </param>
            <param index="2">
              <value>
                <![CDATA[High]]>
              </value>
            </param>
          </params>
          <reporter-output>
          </reporter-output>
        </test-method> <!-- Add_BloodSugar -->
        <test-method status="PASS" signature="getResult(org.testng.ITestResult)[pri:0, instance:englishArabic_TCs.ReadingsTCs@1a3869f4]" name="getResult" is-config="true" duration-ms="52" started-at="2019-12-25T15:32:25 EET" finished-at="2019-12-25T15:32:25 EET">
          <params>
            <param index="0">
              <value>
                <![CDATA[[TestResult name=Add_BloodSugar status=SUCCESS method=ReadingsTCs.Add_BloodSugar(java.lang.String, java.lang.String, java.lang.String)[pri:4, instance:englishArabic_TCs.ReadingsTCs@1a3869f4] output={null}]]]>
              </value>
            </param>
          </params>
          <reporter-output>
          </reporter-output>
        </test-method> <!-- getResult -->
        <test-method status="FAIL" signature="Add_BloodSugar(java.lang.String, java.lang.String, java.lang.String)[pri:4, instance:englishArabic_TCs.ReadingsTCs@1a3869f4]" name="Add_BloodSugar" duration-ms="21796" started-at="2019-12-25T15:32:25 EET" data-provider="Blood Sugar" depends-on-methods="englishArabic_TCs.ReadingsTCs.ShowAllReadingsCells" finished-at="2019-12-25T15:32:47 EET">
          <params>
            <param index="0">
              <value>
                <![CDATA[1]]>
              </value>
            </param>
            <param index="1">
              <value>
                <![CDATA[After Meal]]>
              </value>
            </param>
            <param index="2">
              <value>
                <![CDATA[Low]]>
              </value>
            </param>
          </params>
          <exception class="junit.framework.ComparisonFailure">
            <message>
              <![CDATA[expected:<Low> but was:<High>]]>
            </message>
            <full-stacktrace>
              <![CDATA[junit.framework.ComparisonFailure: expected:<Low> but was:<High>
at junit.framework.Assert.assertEquals(Assert.java:81)
at junit.framework.Assert.assertEquals(Assert.java:87)
at englishArabic_TCs.ReadingsTCs.Add_BloodSugar(ReadingsTCs.java:198)
at sun.reflect.NativeMethodAccessorImpl.invoke0(Native Method)
at sun.reflect.NativeMethodAccessorImpl.invoke(NativeMethodAccessorImpl.java:62)
at sun.reflect.DelegatingMethodAccessorImpl.invoke(DelegatingMethodAccessorImpl.java:43)
at java.lang.reflect.Method.invoke(Method.java:498)
at org.testng.internal.MethodInvocationHelper.invokeMethod(MethodInvocationHelper.java:133)
at org.testng.internal.TestInvoker.invokeMethod(TestInvoker.java:584)
at org.testng.internal.TestInvoker.invokeTestMethod(TestInvoker.java:172)
at org.testng.internal.MethodRunner.runInSequence(MethodRunner.java:46)
at org.testng.internal.TestInvoker$MethodInvocationAgent.invoke(TestInvoker.java:804)
at org.testng.internal.TestInvoker.invokeTestMethods(TestInvoker.java:145)
at org.testng.internal.TestMethodWorker.invokeTestMethods(TestMethodWorker.java:146)
at org.testng.internal.TestMethodWorker.run(TestMethodWorker.java:128)
at java.util.ArrayList.forEach(ArrayList.java:1257)
at org.testng.TestRunner.privateRun(TestRunner.java:770)
at org.testng.TestRunner.run(TestRunner.java:591)
at org.testng.SuiteRunner.runTest(SuiteRunner.java:402)
at org.testng.SuiteRunner.runSequentially(SuiteRunner.java:396)
at org.testng.SuiteRunner.privateRun(SuiteRunner.java:355)
at org.testng.SuiteRunner.run(SuiteRunner.java:304)
at org.testng.SuiteRunnerWorker.runSuite(SuiteRunnerWorker.java:53)
at org.testng.SuiteRunnerWorker.run(SuiteRunnerWorker.java:96)
at org.testng.TestNG.runSuitesSequentially(TestNG.java:1180)
at org.testng.TestNG.runSuitesLocally(TestNG.java:1102)
at org.testng.TestNG.runSuites(TestNG.java:1032)
at org.testng.TestNG.run(TestNG.java:1000)
at org.testng.remote.AbstractRemoteTestNG.run(AbstractRemoteTestNG.java:115)
at org.testng.remote.RemoteTestNG.initAndRun(RemoteTestNG.java:251)
at org.testng.remote.RemoteTestNG.main(RemoteTestNG.java:77)
]]>
            </full-stacktrace>
          </exception> <!-- junit.framework.ComparisonFailure -->
          <reporter-output>
          </reporter-output>
        </test-method> <!-- Add_BloodSugar -->
        <test-method status="PASS" signature="getResult(org.testng.ITestResult)[pri:0, instance:englishArabic_TCs.ReadingsTCs@1a3869f4]" name="getResult" is-config="true" duration-ms="63" started-at="2019-12-25T15:32:47 EET" finished-at="2019-12-25T15:32:47 EET">
          <params>
            <param index="0">
              <value>
                <![CDATA[[TestResult name=Add_BloodSugar status=FAILURE method=ReadingsTCs.Add_BloodSugar(java.lang.String, java.lang.String, java.lang.String)[pri:4, instance:englishArabic_TCs.ReadingsTCs@1a3869f4] output={null}]]]>
              </value>
            </param>
          </params>
          <reporter-output>
          </reporter-output>
        </test-method> <!-- getResult -->
        <test-method status="FAIL" signature="Add_BloodSugar(java.lang.String, java.lang.String, java.lang.String)[pri:4, instance:englishArabic_TCs.ReadingsTCs@1a3869f4]" name="Add_BloodSugar" duration-ms="21878" started-at="2019-12-25T15:32:47 EET" data-provider="Blood Sugar" depends-on-methods="englishArabic_TCs.ReadingsTCs.ShowAllReadingsCells" finished-at="2019-12-25T15:33:09 EET">
          <params>
            <param index="0">
              <value>
                <![CDATA[80]]>
              </value>
            </param>
            <param index="1">
              <value>
                <![CDATA[After Meal]]>
              </value>
            </param>
            <param index="2">
              <value>
                <![CDATA[Low]]>
              </value>
            </param>
          </params>
          <exception class="junit.framework.ComparisonFailure">
            <message>
              <![CDATA[expected:<Low> but was:<High>]]>
            </message>
            <full-stacktrace>
              <![CDATA[junit.framework.ComparisonFailure: expected:<Low> but was:<High>
at junit.framework.Assert.assertEquals(Assert.java:81)
at junit.framework.Assert.assertEquals(Assert.java:87)
at englishArabic_TCs.ReadingsTCs.Add_BloodSugar(ReadingsTCs.java:198)
at sun.reflect.NativeMethodAccessorImpl.invoke0(Native Method)
at sun.reflect.NativeMethodAccessorImpl.invoke(NativeMethodAccessorImpl.java:62)
at sun.reflect.DelegatingMethodAccessorImpl.invoke(DelegatingMethodAccessorImpl.java:43)
at java.lang.reflect.Method.invoke(Method.java:498)
at org.testng.internal.MethodInvocationHelper.invokeMethod(MethodInvocationHelper.java:133)
at org.testng.internal.TestInvoker.invokeMethod(TestInvoker.java:584)
at org.testng.internal.TestInvoker.invokeTestMethod(TestInvoker.java:172)
at org.testng.internal.MethodRunner.runInSequence(MethodRunner.java:46)
at org.testng.internal.TestInvoker$MethodInvocationAgent.invoke(TestInvoker.java:804)
at org.testng.internal.TestInvoker.invokeTestMethods(TestInvoker.java:145)
at org.testng.internal.TestMethodWorker.invokeTestMethods(TestMethodWorker.java:146)
at org.testng.internal.TestMethodWorker.run(TestMethodWorker.java:128)
at java.util.ArrayList.forEach(ArrayList.java:1257)
at org.testng.TestRunner.privateRun(TestRunner.java:770)
at org.testng.TestRunner.run(TestRunner.java:591)
at org.testng.SuiteRunner.runTest(SuiteRunner.java:402)
at org.testng.SuiteRunner.runSequentially(SuiteRunner.java:396)
at org.testng.SuiteRunner.privateRun(SuiteRunner.java:355)
at org.testng.SuiteRunner.run(SuiteRunner.java:304)
at org.testng.SuiteRunnerWorker.runSuite(SuiteRunnerWorker.java:53)
at org.testng.SuiteRunnerWorker.run(SuiteRunnerWorker.java:96)
at org.testng.TestNG.runSuitesSequentially(TestNG.java:1180)
at org.testng.TestNG.runSuitesLocally(TestNG.java:1102)
at org.testng.TestNG.runSuites(TestNG.java:1032)
at org.testng.TestNG.run(TestNG.java:1000)
at org.testng.remote.AbstractRemoteTestNG.run(AbstractRemoteTestNG.java:115)
at org.testng.remote.RemoteTestNG.initAndRun(RemoteTestNG.java:251)
at org.testng.remote.RemoteTestNG.main(RemoteTestNG.java:77)
]]>
            </full-stacktrace>
          </exception> <!-- junit.framework.ComparisonFailure -->
          <reporter-output>
          </reporter-output>
        </test-method> <!-- Add_BloodSugar -->
        <test-method status="PASS" signature="getResult(org.testng.ITestResult)[pri:0, instance:englishArabic_TCs.ReadingsTCs@1a3869f4]" name="getResult" is-config="true" duration-ms="49" started-at="2019-12-25T15:33:09 EET" finished-at="2019-12-25T15:33:09 EET">
          <params>
            <param index="0">
              <value>
                <![CDATA[[TestResult name=Add_BloodSugar status=FAILURE method=ReadingsTCs.Add_BloodSugar(java.lang.String, java.lang.String, java.lang.String)[pri:4, instance:englishArabic_TCs.ReadingsTCs@1a3869f4] output={null}]]]>
              </value>
            </param>
          </params>
          <reporter-output>
          </reporter-output>
        </test-method> <!-- getResult -->
        <test-method status="PASS" signature="Add_BloodSugar(java.lang.String, java.lang.String, java.lang.String)[pri:4, instance:englishArabic_TCs.ReadingsTCs@1a3869f4]" name="Add_BloodSugar" duration-ms="21863" started-at="2019-12-25T15:33:09 EET" data-provider="Blood Sugar" depends-on-methods="englishArabic_TCs.ReadingsTCs.ShowAllReadingsCells" finished-at="2019-12-25T15:33:31 EET">
          <params>
            <param index="0">
              <value>
                <![CDATA[81]]>
              </value>
            </param>
            <param index="1">
              <value>
                <![CDATA[After Meal]]>
              </value>
            </param>
            <param index="2">
              <value>
                <![CDATA[Normal]]>
              </value>
            </param>
          </params>
          <reporter-output>
          </reporter-output>
        </test-method> <!-- Add_BloodSugar -->
        <test-method status="PASS" signature="getResult(org.testng.ITestResult)[pri:0, instance:englishArabic_TCs.ReadingsTCs@1a3869f4]" name="getResult" is-config="true" duration-ms="36" started-at="2019-12-25T15:33:31 EET" finished-at="2019-12-25T15:33:31 EET">
          <params>
            <param index="0">
              <value>
                <![CDATA[[TestResult name=Add_BloodSugar status=SUCCESS method=ReadingsTCs.Add_BloodSugar(java.lang.String, java.lang.String, java.lang.String)[pri:4, instance:englishArabic_TCs.ReadingsTCs@1a3869f4] output={null}]]]>
              </value>
            </param>
          </params>
          <reporter-output>
          </reporter-output>
        </test-method> <!-- getResult -->
        <test-method status="PASS" signature="Add_BloodSugar(java.lang.String, java.lang.String, java.lang.String)[pri:4, instance:englishArabic_TCs.ReadingsTCs@1a3869f4]" name="Add_BloodSugar" duration-ms="21828" started-at="2019-12-25T15:33:31 EET" data-provider="Blood Sugar" depends-on-methods="englishArabic_TCs.ReadingsTCs.ShowAllReadingsCells" finished-at="2019-12-25T15:33:52 EET">
          <params>
            <param index="0">
              <value>
                <![CDATA[140]]>
              </value>
            </param>
            <param index="1">
              <value>
                <![CDATA[After Meal]]>
              </value>
            </param>
            <param index="2">
              <value>
                <![CDATA[Normal]]>
              </value>
            </param>
          </params>
          <reporter-output>
          </reporter-output>
        </test-method> <!-- Add_BloodSugar -->
        <test-method status="PASS" signature="getResult(org.testng.ITestResult)[pri:0, instance:englishArabic_TCs.ReadingsTCs@1a3869f4]" name="getResult" is-config="true" duration-ms="44" started-at="2019-12-25T15:33:52 EET" finished-at="2019-12-25T15:33:53 EET">
          <params>
            <param index="0">
              <value>
                <![CDATA[[TestResult name=Add_BloodSugar status=SUCCESS method=ReadingsTCs.Add_BloodSugar(java.lang.String, java.lang.String, java.lang.String)[pri:4, instance:englishArabic_TCs.ReadingsTCs@1a3869f4] output={null}]]]>
              </value>
            </param>
          </params>
          <reporter-output>
          </reporter-output>
        </test-method> <!-- getResult -->
        <test-method status="PASS" signature="Add_BloodSugar(java.lang.String, java.lang.String, java.lang.String)[pri:4, instance:englishArabic_TCs.ReadingsTCs@1a3869f4]" name="Add_BloodSugar" duration-ms="21766" started-at="2019-12-25T15:33:53 EET" data-provider="Blood Sugar" depends-on-methods="englishArabic_TCs.ReadingsTCs.ShowAllReadingsCells" finished-at="2019-12-25T15:34:14 EET">
          <params>
            <param index="0">
              <value>
                <![CDATA[141]]>
              </value>
            </param>
            <param index="1">
              <value>
                <![CDATA[After Meal]]>
              </value>
            </param>
            <param index="2">
              <value>
                <![CDATA[Above Normal]]>
              </value>
            </param>
          </params>
          <reporter-output>
          </reporter-output>
        </test-method> <!-- Add_BloodSugar -->
        <test-method status="PASS" signature="getResult(org.testng.ITestResult)[pri:0, instance:englishArabic_TCs.ReadingsTCs@1a3869f4]" name="getResult" is-config="true" duration-ms="39" started-at="2019-12-25T15:34:14 EET" finished-at="2019-12-25T15:34:14 EET">
          <params>
            <param index="0">
              <value>
                <![CDATA[[TestResult name=Add_BloodSugar status=SUCCESS method=ReadingsTCs.Add_BloodSugar(java.lang.String, java.lang.String, java.lang.String)[pri:4, instance:englishArabic_TCs.ReadingsTCs@1a3869f4] output={null}]]]>
              </value>
            </param>
          </params>
          <reporter-output>
          </reporter-output>
        </test-method> <!-- getResult -->
        <test-method status="PASS" signature="Add_BloodSugar(java.lang.String, java.lang.String, java.lang.String)[pri:4, instance:englishArabic_TCs.ReadingsTCs@1a3869f4]" name="Add_BloodSugar" duration-ms="24310" started-at="2019-12-25T15:34:14 EET" data-provider="Blood Sugar" depends-on-methods="englishArabic_TCs.ReadingsTCs.ShowAllReadingsCells" finished-at="2019-12-25T15:34:39 EET">
          <params>
            <param index="0">
              <value>
                <![CDATA[160]]>
              </value>
            </param>
            <param index="1">
              <value>
                <![CDATA[After Meal]]>
              </value>
            </param>
            <param index="2">
              <value>
                <![CDATA[Above Normal]]>
              </value>
            </param>
          </params>
          <reporter-output>
          </reporter-output>
        </test-method> <!-- Add_BloodSugar -->
        <test-method status="PASS" signature="getResult(org.testng.ITestResult)[pri:0, instance:englishArabic_TCs.ReadingsTCs@1a3869f4]" name="getResult" is-config="true" duration-ms="46" started-at="2019-12-25T15:34:39 EET" finished-at="2019-12-25T15:34:39 EET">
          <params>
            <param index="0">
              <value>
                <![CDATA[[TestResult name=Add_BloodSugar status=SUCCESS method=ReadingsTCs.Add_BloodSugar(java.lang.String, java.lang.String, java.lang.String)[pri:4, instance:englishArabic_TCs.ReadingsTCs@1a3869f4] output={null}]]]>
              </value>
            </param>
          </params>
          <reporter-output>
          </reporter-output>
        </test-method> <!-- getResult -->
        <test-method status="PASS" signature="Add_BloodSugar(java.lang.String, java.lang.String, java.lang.String)[pri:4, instance:englishArabic_TCs.ReadingsTCs@1a3869f4]" name="Add_BloodSugar" duration-ms="24283" started-at="2019-12-25T15:34:39 EET" data-provider="Blood Sugar" depends-on-methods="englishArabic_TCs.ReadingsTCs.ShowAllReadingsCells" finished-at="2019-12-25T15:35:03 EET">
          <params>
            <param index="0">
              <value>
                <![CDATA[161]]>
              </value>
            </param>
            <param index="1">
              <value>
                <![CDATA[After Meal]]>
              </value>
            </param>
            <param index="2">
              <value>
                <![CDATA[Above Normal]]>
              </value>
            </param>
          </params>
          <reporter-output>
          </reporter-output>
        </test-method> <!-- Add_BloodSugar -->
        <test-method status="PASS" signature="getResult(org.testng.ITestResult)[pri:0, instance:englishArabic_TCs.ReadingsTCs@1a3869f4]" name="getResult" is-config="true" duration-ms="41" started-at="2019-12-25T15:35:03 EET" finished-at="2019-12-25T15:35:03 EET">
          <params>
            <param index="0">
              <value>
                <![CDATA[[TestResult name=Add_BloodSugar status=SUCCESS method=ReadingsTCs.Add_BloodSugar(java.lang.String, java.lang.String, java.lang.String)[pri:4, instance:englishArabic_TCs.ReadingsTCs@1a3869f4] output={null}]]]>
              </value>
            </param>
          </params>
          <reporter-output>
          </reporter-output>
        </test-method> <!-- getResult -->
        <test-method status="PASS" signature="Add_BloodSugar(java.lang.String, java.lang.String, java.lang.String)[pri:4, instance:englishArabic_TCs.ReadingsTCs@1a3869f4]" name="Add_BloodSugar" duration-ms="21727" started-at="2019-12-25T15:35:03 EET" data-provider="Blood Sugar" depends-on-methods="englishArabic_TCs.ReadingsTCs.ShowAllReadingsCells" finished-at="2019-12-25T15:35:25 EET">
          <params>
            <param index="0">
              <value>
                <![CDATA[240]]>
              </value>
            </param>
            <param index="1">
              <value>
                <![CDATA[After Meal]]>
              </value>
            </param>
            <param index="2">
              <value>
                <![CDATA[Above Normal]]>
              </value>
            </param>
          </params>
          <reporter-output>
          </reporter-output>
        </test-method> <!-- Add_BloodSugar -->
        <test-method status="PASS" signature="getResult(org.testng.ITestResult)[pri:0, instance:englishArabic_TCs.ReadingsTCs@1a3869f4]" name="getResult" is-config="true" duration-ms="59" started-at="2019-12-25T15:35:25 EET" finished-at="2019-12-25T15:35:25 EET">
          <params>
            <param index="0">
              <value>
                <![CDATA[[TestResult name=Add_BloodSugar status=SUCCESS method=ReadingsTCs.Add_BloodSugar(java.lang.String, java.lang.String, java.lang.String)[pri:4, instance:englishArabic_TCs.ReadingsTCs@1a3869f4] output={null}]]]>
              </value>
            </param>
          </params>
          <reporter-output>
          </reporter-output>
        </test-method> <!-- getResult -->
        <test-method status="PASS" signature="Add_BloodSugar(java.lang.String, java.lang.String, java.lang.String)[pri:4, instance:englishArabic_TCs.ReadingsTCs@1a3869f4]" name="Add_BloodSugar" duration-ms="21898" started-at="2019-12-25T15:35:25 EET" data-provider="Blood Sugar" depends-on-methods="englishArabic_TCs.ReadingsTCs.ShowAllReadingsCells" finished-at="2019-12-25T15:35:47 EET">
          <params>
            <param index="0">
              <value>
                <![CDATA[241]]>
              </value>
            </param>
            <param index="1">
              <value>
                <![CDATA[After Meal]]>
              </value>
            </param>
            <param index="2">
              <value>
                <![CDATA[High]]>
              </value>
            </param>
          </params>
          <reporter-output>
          </reporter-output>
        </test-method> <!-- Add_BloodSugar -->
        <test-method status="PASS" signature="getResult(org.testng.ITestResult)[pri:0, instance:englishArabic_TCs.ReadingsTCs@1a3869f4]" name="getResult" is-config="true" duration-ms="72" started-at="2019-12-25T15:35:47 EET" finished-at="2019-12-25T15:35:47 EET">
          <params>
            <param index="0">
              <value>
                <![CDATA[[TestResult name=Add_BloodSugar status=SUCCESS method=ReadingsTCs.Add_BloodSugar(java.lang.String, java.lang.String, java.lang.String)[pri:4, instance:englishArabic_TCs.ReadingsTCs@1a3869f4] output={null}]]]>
              </value>
            </param>
          </params>
          <reporter-output>
          </reporter-output>
        </test-method> <!-- getResult -->
        <test-method status="PASS" signature="Add_BloodSugar(java.lang.String, java.lang.String, java.lang.String)[pri:4, instance:englishArabic_TCs.ReadingsTCs@1a3869f4]" name="Add_BloodSugar" duration-ms="22519" started-at="2019-12-25T15:35:47 EET" data-provider="Blood Sugar" depends-on-methods="englishArabic_TCs.ReadingsTCs.ShowAllReadingsCells" finished-at="2019-12-25T15:36:09 EET">
          <params>
            <param index="0">
              <value>
                <![CDATA[300]]>
              </value>
            </param>
            <param index="1">
              <value>
                <![CDATA[After Meal]]>
              </value>
            </param>
            <param index="2">
              <value>
                <![CDATA[High]]>
              </value>
            </param>
          </params>
          <reporter-output>
          </reporter-output>
        </test-method> <!-- Add_BloodSugar -->
        <test-method status="PASS" signature="getResult(org.testng.ITestResult)[pri:0, instance:englishArabic_TCs.ReadingsTCs@1a3869f4]" name="getResult" is-config="true" duration-ms="45" started-at="2019-12-25T15:36:09 EET" finished-at="2019-12-25T15:36:09 EET">
          <params>
            <param index="0">
              <value>
                <![CDATA[[TestResult name=Add_BloodSugar status=SUCCESS method=ReadingsTCs.Add_BloodSugar(java.lang.String, java.lang.String, java.lang.String)[pri:4, instance:englishArabic_TCs.ReadingsTCs@1a3869f4] output={null}]]]>
              </value>
            </param>
          </params>
          <reporter-output>
          </reporter-output>
        </test-method> <!-- getResult -->
        <test-method status="PASS" signature="Add_BloodSugar(java.lang.String, java.lang.String, java.lang.String)[pri:4, instance:englishArabic_TCs.ReadingsTCs@1a3869f4]" name="Add_BloodSugar" duration-ms="24645" started-at="2019-12-25T15:36:09 EET" data-provider="Blood Sugar" depends-on-methods="englishArabic_TCs.ReadingsTCs.ShowAllReadingsCells" finished-at="2019-12-25T15:36:34 EET">
          <params>
            <param index="0">
              <value>
                <![CDATA[301]]>
              </value>
            </param>
            <param index="1">
              <value>
                <![CDATA[After Meal]]>
              </value>
            </param>
            <param index="2">
              <value>
                <![CDATA[High]]>
              </value>
            </param>
          </params>
          <reporter-output>
          </reporter-output>
        </test-method> <!-- Add_BloodSugar -->
        <test-method status="PASS" signature="getResult(org.testng.ITestResult)[pri:0, instance:englishArabic_TCs.ReadingsTCs@1a3869f4]" name="getResult" is-config="true" duration-ms="43" started-at="2019-12-25T15:36:34 EET" finished-at="2019-12-25T15:36:34 EET">
          <params>
            <param index="0">
              <value>
                <![CDATA[[TestResult name=Add_BloodSugar status=SUCCESS method=ReadingsTCs.Add_BloodSugar(java.lang.String, java.lang.String, java.lang.String)[pri:4, instance:englishArabic_TCs.ReadingsTCs@1a3869f4] output={null}]]]>
              </value>
            </param>
          </params>
          <reporter-output>
          </reporter-output>
        </test-method> <!-- getResult -->
        <test-method status="PASS" signature="Add_BloodSugar(java.lang.String, java.lang.String, java.lang.String)[pri:4, instance:englishArabic_TCs.ReadingsTCs@1a3869f4]" name="Add_BloodSugar" duration-ms="21961" started-at="2019-12-25T15:36:34 EET" data-provider="Blood Sugar" depends-on-methods="englishArabic_TCs.ReadingsTCs.ShowAllReadingsCells" finished-at="2019-12-25T15:36:56 EET">
          <params>
            <param index="0">
              <value>
                <![CDATA[900]]>
              </value>
            </param>
            <param index="1">
              <value>
                <![CDATA[After Meal]]>
              </value>
            </param>
            <param index="2">
              <value>
                <![CDATA[High]]>
              </value>
            </param>
          </params>
          <reporter-output>
          </reporter-output>
        </test-method> <!-- Add_BloodSugar -->
        <test-method status="PASS" signature="getResult(org.testng.ITestResult)[pri:0, instance:englishArabic_TCs.ReadingsTCs@1a3869f4]" name="getResult" is-config="true" duration-ms="45" started-at="2019-12-25T15:36:56 EET" finished-at="2019-12-25T15:36:56 EET">
          <params>
            <param index="0">
              <value>
                <![CDATA[[TestResult name=Add_BloodSugar status=SUCCESS method=ReadingsTCs.Add_BloodSugar(java.lang.String, java.lang.String, java.lang.String)[pri:4, instance:englishArabic_TCs.ReadingsTCs@1a3869f4] output={null}]]]>
              </value>
            </param>
          </params>
          <reporter-output>
          </reporter-output>
        </test-method> <!-- getResult -->
        <test-method status="PASS" signature="Add_Oxygen_Level(java.lang.String, java.lang.String, java.lang.String)[pri:5, instance:englishArabic_TCs.ReadingsTCs@1a3869f4]" name="Add_Oxygen_Level" duration-ms="21992" started-at="2019-12-25T15:36:56 EET" data-provider="Oxygen Level" depends-on-methods="englishArabic_TCs.ReadingsTCs.ShowAllReadingsCells" finished-at="2019-12-25T15:37:18 EET">
          <params>
            <param index="0">
              <value>
                <![CDATA[95]]>
              </value>
            </param>
            <param index="1">
              <value>
                <![CDATA[On Air]]>
              </value>
            </param>
            <param index="2">
              <value>
                <![CDATA[Normal]]>
              </value>
            </param>
          </params>
          <reporter-output>
          </reporter-output>
        </test-method> <!-- Add_Oxygen_Level -->
        <test-method status="PASS" signature="getResult(org.testng.ITestResult)[pri:0, instance:englishArabic_TCs.ReadingsTCs@1a3869f4]" name="getResult" is-config="true" duration-ms="48" started-at="2019-12-25T15:37:18 EET" finished-at="2019-12-25T15:37:18 EET">
          <params>
            <param index="0">
              <value>
                <![CDATA[[TestResult name=Add_Oxygen_Level status=SUCCESS method=ReadingsTCs.Add_Oxygen_Level(java.lang.String, java.lang.String, java.lang.String)[pri:5, instance:englishArabic_TCs.ReadingsTCs@1a3869f4] output={null}]]]>
              </value>
            </param>
          </params>
          <reporter-output>
          </reporter-output>
        </test-method> <!-- getResult -->
        <test-method status="PASS" signature="Add_Oxygen_Level(java.lang.String, java.lang.String, java.lang.String)[pri:5, instance:englishArabic_TCs.ReadingsTCs@1a3869f4]" name="Add_Oxygen_Level" duration-ms="22602" started-at="2019-12-25T15:37:18 EET" data-provider="Oxygen Level" depends-on-methods="englishArabic_TCs.ReadingsTCs.ShowAllReadingsCells" finished-at="2019-12-25T15:37:41 EET">
          <params>
            <param index="0">
              <value>
                <![CDATA[100]]>
              </value>
            </param>
            <param index="1">
              <value>
                <![CDATA[On Air]]>
              </value>
            </param>
            <param index="2">
              <value>
                <![CDATA[Normal]]>
              </value>
            </param>
          </params>
          <reporter-output>
          </reporter-output>
        </test-method> <!-- Add_Oxygen_Level -->
        <test-method status="PASS" signature="getResult(org.testng.ITestResult)[pri:0, instance:englishArabic_TCs.ReadingsTCs@1a3869f4]" name="getResult" is-config="true" duration-ms="32" started-at="2019-12-25T15:37:41 EET" finished-at="2019-12-25T15:37:41 EET">
          <params>
            <param index="0">
              <value>
                <![CDATA[[TestResult name=Add_Oxygen_Level status=SUCCESS method=ReadingsTCs.Add_Oxygen_Level(java.lang.String, java.lang.String, java.lang.String)[pri:5, instance:englishArabic_TCs.ReadingsTCs@1a3869f4] output={null}]]]>
              </value>
            </param>
          </params>
          <reporter-output>
          </reporter-output>
        </test-method> <!-- getResult -->
        <test-method status="PASS" signature="Add_Oxygen_Level(java.lang.String, java.lang.String, java.lang.String)[pri:5, instance:englishArabic_TCs.ReadingsTCs@1a3869f4]" name="Add_Oxygen_Level" duration-ms="23119" started-at="2019-12-25T15:37:41 EET" data-provider="Oxygen Level" depends-on-methods="englishArabic_TCs.ReadingsTCs.ShowAllReadingsCells" finished-at="2019-12-25T15:38:04 EET">
          <params>
            <param index="0">
              <value>
                <![CDATA[93]]>
              </value>
            </param>
            <param index="1">
              <value>
                <![CDATA[On Air]]>
              </value>
            </param>
            <param index="2">
              <value>
                <![CDATA[Below Normal]]>
              </value>
            </param>
          </params>
          <reporter-output>
          </reporter-output>
        </test-method> <!-- Add_Oxygen_Level -->
        <test-method status="PASS" signature="getResult(org.testng.ITestResult)[pri:0, instance:englishArabic_TCs.ReadingsTCs@1a3869f4]" name="getResult" is-config="true" duration-ms="41" started-at="2019-12-25T15:38:04 EET" finished-at="2019-12-25T15:38:04 EET">
          <params>
            <param index="0">
              <value>
                <![CDATA[[TestResult name=Add_Oxygen_Level status=SUCCESS method=ReadingsTCs.Add_Oxygen_Level(java.lang.String, java.lang.String, java.lang.String)[pri:5, instance:englishArabic_TCs.ReadingsTCs@1a3869f4] output={null}]]]>
              </value>
            </param>
          </params>
          <reporter-output>
          </reporter-output>
        </test-method> <!-- getResult -->
        <test-method status="PASS" signature="Add_Oxygen_Level(java.lang.String, java.lang.String, java.lang.String)[pri:5, instance:englishArabic_TCs.ReadingsTCs@1a3869f4]" name="Add_Oxygen_Level" duration-ms="22007" started-at="2019-12-25T15:38:04 EET" data-provider="Oxygen Level" depends-on-methods="englishArabic_TCs.ReadingsTCs.ShowAllReadingsCells" finished-at="2019-12-25T15:38:26 EET">
          <params>
            <param index="0">
              <value>
                <![CDATA[94]]>
              </value>
            </param>
            <param index="1">
              <value>
                <![CDATA[On Air]]>
              </value>
            </param>
            <param index="2">
              <value>
                <![CDATA[Below Normal]]>
              </value>
            </param>
          </params>
          <reporter-output>
          </reporter-output>
        </test-method> <!-- Add_Oxygen_Level -->
        <test-method status="PASS" signature="getResult(org.testng.ITestResult)[pri:0, instance:englishArabic_TCs.ReadingsTCs@1a3869f4]" name="getResult" is-config="true" duration-ms="45" started-at="2019-12-25T15:38:26 EET" finished-at="2019-12-25T15:38:26 EET">
          <params>
            <param index="0">
              <value>
                <![CDATA[[TestResult name=Add_Oxygen_Level status=SUCCESS method=ReadingsTCs.Add_Oxygen_Level(java.lang.String, java.lang.String, java.lang.String)[pri:5, instance:englishArabic_TCs.ReadingsTCs@1a3869f4] output={null}]]]>
              </value>
            </param>
          </params>
          <reporter-output>
          </reporter-output>
        </test-method> <!-- getResult -->
        <test-method status="PASS" signature="Add_Oxygen_Level(java.lang.String, java.lang.String, java.lang.String)[pri:5, instance:englishArabic_TCs.ReadingsTCs@1a3869f4]" name="Add_Oxygen_Level" duration-ms="22086" started-at="2019-12-25T15:38:26 EET" data-provider="Oxygen Level" depends-on-methods="englishArabic_TCs.ReadingsTCs.ShowAllReadingsCells" finished-at="2019-12-25T15:38:48 EET">
          <params>
            <param index="0">
              <value>
                <![CDATA[91]]>
              </value>
            </param>
            <param index="1">
              <value>
                <![CDATA[On Air]]>
              </value>
            </param>
            <param index="2">
              <value>
                <![CDATA[Below Normal]]>
              </value>
            </param>
          </params>
          <reporter-output>
          </reporter-output>
        </test-method> <!-- Add_Oxygen_Level -->
        <test-method status="PASS" signature="getResult(org.testng.ITestResult)[pri:0, instance:englishArabic_TCs.ReadingsTCs@1a3869f4]" name="getResult" is-config="true" duration-ms="34" started-at="2019-12-25T15:38:48 EET" finished-at="2019-12-25T15:38:48 EET">
          <params>
            <param index="0">
              <value>
                <![CDATA[[TestResult name=Add_Oxygen_Level status=SUCCESS method=ReadingsTCs.Add_Oxygen_Level(java.lang.String, java.lang.String, java.lang.String)[pri:5, instance:englishArabic_TCs.ReadingsTCs@1a3869f4] output={null}]]]>
              </value>
            </param>
          </params>
          <reporter-output>
          </reporter-output>
        </test-method> <!-- getResult -->
        <test-method status="PASS" signature="Add_Oxygen_Level(java.lang.String, java.lang.String, java.lang.String)[pri:5, instance:englishArabic_TCs.ReadingsTCs@1a3869f4]" name="Add_Oxygen_Level" duration-ms="24739" started-at="2019-12-25T15:38:48 EET" data-provider="Oxygen Level" depends-on-methods="englishArabic_TCs.ReadingsTCs.ShowAllReadingsCells" finished-at="2019-12-25T15:39:13 EET">
          <params>
            <param index="0">
              <value>
                <![CDATA[92]]>
              </value>
            </param>
            <param index="1">
              <value>
                <![CDATA[On Air]]>
              </value>
            </param>
            <param index="2">
              <value>
                <![CDATA[Below Normal]]>
              </value>
            </param>
          </params>
          <reporter-output>
          </reporter-output>
        </test-method> <!-- Add_Oxygen_Level -->
        <test-method status="PASS" signature="getResult(org.testng.ITestResult)[pri:0, instance:englishArabic_TCs.ReadingsTCs@1a3869f4]" name="getResult" is-config="true" duration-ms="36" started-at="2019-12-25T15:39:13 EET" finished-at="2019-12-25T15:39:13 EET">
          <params>
            <param index="0">
              <value>
                <![CDATA[[TestResult name=Add_Oxygen_Level status=SUCCESS method=ReadingsTCs.Add_Oxygen_Level(java.lang.String, java.lang.String, java.lang.String)[pri:5, instance:englishArabic_TCs.ReadingsTCs@1a3869f4] output={null}]]]>
              </value>
            </param>
          </params>
          <reporter-output>
          </reporter-output>
        </test-method> <!-- getResult -->
        <test-method status="PASS" signature="Add_Oxygen_Level(java.lang.String, java.lang.String, java.lang.String)[pri:5, instance:englishArabic_TCs.ReadingsTCs@1a3869f4]" name="Add_Oxygen_Level" duration-ms="24760" started-at="2019-12-25T15:39:13 EET" data-provider="Oxygen Level" depends-on-methods="englishArabic_TCs.ReadingsTCs.ShowAllReadingsCells" finished-at="2019-12-25T15:39:38 EET">
          <params>
            <param index="0">
              <value>
                <![CDATA[89]]>
              </value>
            </param>
            <param index="1">
              <value>
                <![CDATA[On Air]]>
              </value>
            </param>
            <param index="2">
              <value>
                <![CDATA[Low]]>
              </value>
            </param>
          </params>
          <reporter-output>
          </reporter-output>
        </test-method> <!-- Add_Oxygen_Level -->
        <test-method status="PASS" signature="getResult(org.testng.ITestResult)[pri:0, instance:englishArabic_TCs.ReadingsTCs@1a3869f4]" name="getResult" is-config="true" duration-ms="39" started-at="2019-12-25T15:39:38 EET" finished-at="2019-12-25T15:39:38 EET">
          <params>
            <param index="0">
              <value>
                <![CDATA[[TestResult name=Add_Oxygen_Level status=SUCCESS method=ReadingsTCs.Add_Oxygen_Level(java.lang.String, java.lang.String, java.lang.String)[pri:5, instance:englishArabic_TCs.ReadingsTCs@1a3869f4] output={null}]]]>
              </value>
            </param>
          </params>
          <reporter-output>
          </reporter-output>
        </test-method> <!-- getResult -->
        <test-method status="PASS" signature="Add_Oxygen_Level(java.lang.String, java.lang.String, java.lang.String)[pri:5, instance:englishArabic_TCs.ReadingsTCs@1a3869f4]" name="Add_Oxygen_Level" duration-ms="24609" started-at="2019-12-25T15:39:38 EET" data-provider="Oxygen Level" depends-on-methods="englishArabic_TCs.ReadingsTCs.ShowAllReadingsCells" finished-at="2019-12-25T15:40:02 EET">
          <params>
            <param index="0">
              <value>
                <![CDATA[90]]>
              </value>
            </param>
            <param index="1">
              <value>
                <![CDATA[On Air]]>
              </value>
            </param>
            <param index="2">
              <value>
                <![CDATA[Low]]>
              </value>
            </param>
          </params>
          <reporter-output>
          </reporter-output>
        </test-method> <!-- Add_Oxygen_Level -->
        <test-method status="PASS" signature="getResult(org.testng.ITestResult)[pri:0, instance:englishArabic_TCs.ReadingsTCs@1a3869f4]" name="getResult" is-config="true" duration-ms="33" started-at="2019-12-25T15:40:02 EET" finished-at="2019-12-25T15:40:02 EET">
          <params>
            <param index="0">
              <value>
                <![CDATA[[TestResult name=Add_Oxygen_Level status=SUCCESS method=ReadingsTCs.Add_Oxygen_Level(java.lang.String, java.lang.String, java.lang.String)[pri:5, instance:englishArabic_TCs.ReadingsTCs@1a3869f4] output={null}]]]>
              </value>
            </param>
          </params>
          <reporter-output>
          </reporter-output>
        </test-method> <!-- getResult -->
        <test-method status="PASS" signature="Add_Oxygen_Level(java.lang.String, java.lang.String, java.lang.String)[pri:5, instance:englishArabic_TCs.ReadingsTCs@1a3869f4]" name="Add_Oxygen_Level" duration-ms="22768" started-at="2019-12-25T15:40:02 EET" data-provider="Oxygen Level" depends-on-methods="englishArabic_TCs.ReadingsTCs.ShowAllReadingsCells" finished-at="2019-12-25T15:40:25 EET">
          <params>
            <param index="0">
              <value>
                <![CDATA[1]]>
              </value>
            </param>
            <param index="1">
              <value>
                <![CDATA[On Air]]>
              </value>
            </param>
            <param index="2">
              <value>
                <![CDATA[Low]]>
              </value>
            </param>
          </params>
          <reporter-output>
          </reporter-output>
        </test-method> <!-- Add_Oxygen_Level -->
        <test-method status="PASS" signature="getResult(org.testng.ITestResult)[pri:0, instance:englishArabic_TCs.ReadingsTCs@1a3869f4]" name="getResult" is-config="true" duration-ms="37" started-at="2019-12-25T15:40:25 EET" finished-at="2019-12-25T15:40:25 EET">
          <params>
            <param index="0">
              <value>
                <![CDATA[[TestResult name=Add_Oxygen_Level status=SUCCESS method=ReadingsTCs.Add_Oxygen_Level(java.lang.String, java.lang.String, java.lang.String)[pri:5, instance:englishArabic_TCs.ReadingsTCs@1a3869f4] output={null}]]]>
              </value>
            </param>
          </params>
          <reporter-output>
          </reporter-output>
        </test-method> <!-- getResult -->
        <test-method status="PASS" signature="Add_Oxygen_Level(java.lang.String, java.lang.String, java.lang.String)[pri:5, instance:englishArabic_TCs.ReadingsTCs@1a3869f4]" name="Add_Oxygen_Level" duration-ms="24624" started-at="2019-12-25T15:40:25 EET" data-provider="Oxygen Level" depends-on-methods="englishArabic_TCs.ReadingsTCs.ShowAllReadingsCells" finished-at="2019-12-25T15:40:50 EET">
          <params>
            <param index="0">
              <value>
                <![CDATA[88]]>
              </value>
            </param>
            <param index="1">
              <value>
                <![CDATA[On Air]]>
              </value>
            </param>
            <param index="2">
              <value>
                <![CDATA[Low]]>
              </value>
            </param>
          </params>
          <reporter-output>
          </reporter-output>
        </test-method> <!-- Add_Oxygen_Level -->
        <test-method status="PASS" signature="getResult(org.testng.ITestResult)[pri:0, instance:englishArabic_TCs.ReadingsTCs@1a3869f4]" name="getResult" is-config="true" duration-ms="47" started-at="2019-12-25T15:40:50 EET" finished-at="2019-12-25T15:40:50 EET">
          <params>
            <param index="0">
              <value>
                <![CDATA[[TestResult name=Add_Oxygen_Level status=SUCCESS method=ReadingsTCs.Add_Oxygen_Level(java.lang.String, java.lang.String, java.lang.String)[pri:5, instance:englishArabic_TCs.ReadingsTCs@1a3869f4] output={null}]]]>
              </value>
            </param>
          </params>
          <reporter-output>
          </reporter-output>
        </test-method> <!-- getResult -->
        <test-method status="PASS" signature="Add_Oxygen_Level(java.lang.String, java.lang.String, java.lang.String)[pri:5, instance:englishArabic_TCs.ReadingsTCs@1a3869f4]" name="Add_Oxygen_Level" duration-ms="1" started-at="2019-12-25T15:40:50 EET" data-provider="Oxygen Level" depends-on-methods="englishArabic_TCs.ReadingsTCs.ShowAllReadingsCells" finished-at="2019-12-25T15:40:50 EET">
          <params>
            <param index="0">
              <value>
                <![CDATA[95]]>
              </value>
            </param>
            <param index="1">
              <value>
                <![CDATA[On Oxygen]]>
              </value>
            </param>
            <param index="2">
              <value>
                <![CDATA[Normal]]>
              </value>
            </param>
          </params>
          <reporter-output>
          </reporter-output>
        </test-method> <!-- Add_Oxygen_Level -->
        <test-method status="PASS" signature="getResult(org.testng.ITestResult)[pri:0, instance:englishArabic_TCs.ReadingsTCs@1a3869f4]" name="getResult" is-config="true" duration-ms="41" started-at="2019-12-25T15:40:50 EET" finished-at="2019-12-25T15:40:50 EET">
          <params>
            <param index="0">
              <value>
                <![CDATA[[TestResult name=Add_Oxygen_Level status=SUCCESS method=ReadingsTCs.Add_Oxygen_Level(java.lang.String, java.lang.String, java.lang.String)[pri:5, instance:englishArabic_TCs.ReadingsTCs@1a3869f4] output={null}]]]>
              </value>
            </param>
          </params>
          <reporter-output>
          </reporter-output>
        </test-method> <!-- getResult -->
        <test-method status="PASS" signature="Add_Oxygen_Level(java.lang.String, java.lang.String, java.lang.String)[pri:5, instance:englishArabic_TCs.ReadingsTCs@1a3869f4]" name="Add_Oxygen_Level" duration-ms="1" started-at="2019-12-25T15:40:50 EET" data-provider="Oxygen Level" depends-on-methods="englishArabic_TCs.ReadingsTCs.ShowAllReadingsCells" finished-at="2019-12-25T15:40:50 EET">
          <params>
            <param index="0">
              <value>
                <![CDATA[100]]>
              </value>
            </param>
            <param index="1">
              <value>
                <![CDATA[On Oxygen]]>
              </value>
            </param>
            <param index="2">
              <value>
                <![CDATA[Normal]]>
              </value>
            </param>
          </params>
          <reporter-output>
          </reporter-output>
        </test-method> <!-- Add_Oxygen_Level -->
        <test-method status="PASS" signature="getResult(org.testng.ITestResult)[pri:0, instance:englishArabic_TCs.ReadingsTCs@1a3869f4]" name="getResult" is-config="true" duration-ms="51" started-at="2019-12-25T15:40:50 EET" finished-at="2019-12-25T15:40:50 EET">
          <params>
            <param index="0">
              <value>
                <![CDATA[[TestResult name=Add_Oxygen_Level status=SUCCESS method=ReadingsTCs.Add_Oxygen_Level(java.lang.String, java.lang.String, java.lang.String)[pri:5, instance:englishArabic_TCs.ReadingsTCs@1a3869f4] output={null}]]]>
              </value>
            </param>
          </params>
          <reporter-output>
          </reporter-output>
        </test-method> <!-- getResult -->
        <test-method status="PASS" signature="Add_Oxygen_Level(java.lang.String, java.lang.String, java.lang.String)[pri:5, instance:englishArabic_TCs.ReadingsTCs@1a3869f4]" name="Add_Oxygen_Level" duration-ms="0" started-at="2019-12-25T15:40:50 EET" data-provider="Oxygen Level" depends-on-methods="englishArabic_TCs.ReadingsTCs.ShowAllReadingsCells" finished-at="2019-12-25T15:40:50 EET">
          <params>
            <param index="0">
              <value>
                <![CDATA[93]]>
              </value>
            </param>
            <param index="1">
              <value>
                <![CDATA[On Oxygen]]>
              </value>
            </param>
            <param index="2">
              <value>
                <![CDATA[Below Normal]]>
              </value>
            </param>
          </params>
          <reporter-output>
          </reporter-output>
        </test-method> <!-- Add_Oxygen_Level -->
        <test-method status="PASS" signature="getResult(org.testng.ITestResult)[pri:0, instance:englishArabic_TCs.ReadingsTCs@1a3869f4]" name="getResult" is-config="true" duration-ms="46" started-at="2019-12-25T15:40:50 EET" finished-at="2019-12-25T15:40:50 EET">
          <params>
            <param index="0">
              <value>
                <![CDATA[[TestResult name=Add_Oxygen_Level status=SUCCESS method=ReadingsTCs.Add_Oxygen_Level(java.lang.String, java.lang.String, java.lang.String)[pri:5, instance:englishArabic_TCs.ReadingsTCs@1a3869f4] output={null}]]]>
              </value>
            </param>
          </params>
          <reporter-output>
          </reporter-output>
        </test-method> <!-- getResult -->
        <test-method status="PASS" signature="Add_Oxygen_Level(java.lang.String, java.lang.String, java.lang.String)[pri:5, instance:englishArabic_TCs.ReadingsTCs@1a3869f4]" name="Add_Oxygen_Level" duration-ms="1" started-at="2019-12-25T15:40:50 EET" data-provider="Oxygen Level" depends-on-methods="englishArabic_TCs.ReadingsTCs.ShowAllReadingsCells" finished-at="2019-12-25T15:40:50 EET">
          <params>
            <param index="0">
              <value>
                <![CDATA[94]]>
              </value>
            </param>
            <param index="1">
              <value>
                <![CDATA[On Oxygen]]>
              </value>
            </param>
            <param index="2">
              <value>
                <![CDATA[Below Normal]]>
              </value>
            </param>
          </params>
          <reporter-output>
          </reporter-output>
        </test-method> <!-- Add_Oxygen_Level -->
        <test-method status="PASS" signature="getResult(org.testng.ITestResult)[pri:0, instance:englishArabic_TCs.ReadingsTCs@1a3869f4]" name="getResult" is-config="true" duration-ms="46" started-at="2019-12-25T15:40:50 EET" finished-at="2019-12-25T15:40:50 EET">
          <params>
            <param index="0">
              <value>
                <![CDATA[[TestResult name=Add_Oxygen_Level status=SUCCESS method=ReadingsTCs.Add_Oxygen_Level(java.lang.String, java.lang.String, java.lang.String)[pri:5, instance:englishArabic_TCs.ReadingsTCs@1a3869f4] output={null}]]]>
              </value>
            </param>
          </params>
          <reporter-output>
          </reporter-output>
        </test-method> <!-- getResult -->
        <test-method status="PASS" signature="Add_Oxygen_Level(java.lang.String, java.lang.String, java.lang.String)[pri:5, instance:englishArabic_TCs.ReadingsTCs@1a3869f4]" name="Add_Oxygen_Level" duration-ms="1" started-at="2019-12-25T15:40:50 EET" data-provider="Oxygen Level" depends-on-methods="englishArabic_TCs.ReadingsTCs.ShowAllReadingsCells" finished-at="2019-12-25T15:40:50 EET">
          <params>
            <param index="0">
              <value>
                <![CDATA[91]]>
              </value>
            </param>
            <param index="1">
              <value>
                <![CDATA[On Oxygen]]>
              </value>
            </param>
            <param index="2">
              <value>
                <![CDATA[Below Normal]]>
              </value>
            </param>
          </params>
          <reporter-output>
          </reporter-output>
        </test-method> <!-- Add_Oxygen_Level -->
        <test-method status="PASS" signature="getResult(org.testng.ITestResult)[pri:0, instance:englishArabic_TCs.ReadingsTCs@1a3869f4]" name="getResult" is-config="true" duration-ms="43" started-at="2019-12-25T15:40:50 EET" finished-at="2019-12-25T15:40:50 EET">
          <params>
            <param index="0">
              <value>
                <![CDATA[[TestResult name=Add_Oxygen_Level status=SUCCESS method=ReadingsTCs.Add_Oxygen_Level(java.lang.String, java.lang.String, java.lang.String)[pri:5, instance:englishArabic_TCs.ReadingsTCs@1a3869f4] output={null}]]]>
              </value>
            </param>
          </params>
          <reporter-output>
          </reporter-output>
        </test-method> <!-- getResult -->
        <test-method status="PASS" signature="Add_Oxygen_Level(java.lang.String, java.lang.String, java.lang.String)[pri:5, instance:englishArabic_TCs.ReadingsTCs@1a3869f4]" name="Add_Oxygen_Level" duration-ms="2" started-at="2019-12-25T15:40:50 EET" data-provider="Oxygen Level" depends-on-methods="englishArabic_TCs.ReadingsTCs.ShowAllReadingsCells" finished-at="2019-12-25T15:40:50 EET">
          <params>
            <param index="0">
              <value>
                <![CDATA[92]]>
              </value>
            </param>
            <param index="1">
              <value>
                <![CDATA[On Oxygen]]>
              </value>
            </param>
            <param index="2">
              <value>
                <![CDATA[Below Normal]]>
              </value>
            </param>
          </params>
          <reporter-output>
          </reporter-output>
        </test-method> <!-- Add_Oxygen_Level -->
        <test-method status="PASS" signature="getResult(org.testng.ITestResult)[pri:0, instance:englishArabic_TCs.ReadingsTCs@1a3869f4]" name="getResult" is-config="true" duration-ms="41" started-at="2019-12-25T15:40:50 EET" finished-at="2019-12-25T15:40:50 EET">
          <params>
            <param index="0">
              <value>
                <![CDATA[[TestResult name=Add_Oxygen_Level status=SUCCESS method=ReadingsTCs.Add_Oxygen_Level(java.lang.String, java.lang.String, java.lang.String)[pri:5, instance:englishArabic_TCs.ReadingsTCs@1a3869f4] output={null}]]]>
              </value>
            </param>
          </params>
          <reporter-output>
          </reporter-output>
        </test-method> <!-- getResult -->
        <test-method status="PASS" signature="Add_Oxygen_Level(java.lang.String, java.lang.String, java.lang.String)[pri:5, instance:englishArabic_TCs.ReadingsTCs@1a3869f4]" name="Add_Oxygen_Level" duration-ms="1" started-at="2019-12-25T15:40:50 EET" data-provider="Oxygen Level" depends-on-methods="englishArabic_TCs.ReadingsTCs.ShowAllReadingsCells" finished-at="2019-12-25T15:40:50 EET">
          <params>
            <param index="0">
              <value>
                <![CDATA[89]]>
              </value>
            </param>
            <param index="1">
              <value>
                <![CDATA[On Oxygen]]>
              </value>
            </param>
            <param index="2">
              <value>
                <![CDATA[Low]]>
              </value>
            </param>
          </params>
          <reporter-output>
          </reporter-output>
        </test-method> <!-- Add_Oxygen_Level -->
        <test-method status="PASS" signature="getResult(org.testng.ITestResult)[pri:0, instance:englishArabic_TCs.ReadingsTCs@1a3869f4]" name="getResult" is-config="true" duration-ms="31" started-at="2019-12-25T15:40:50 EET" finished-at="2019-12-25T15:40:50 EET">
          <params>
            <param index="0">
              <value>
                <![CDATA[[TestResult name=Add_Oxygen_Level status=SUCCESS method=ReadingsTCs.Add_Oxygen_Level(java.lang.String, java.lang.String, java.lang.String)[pri:5, instance:englishArabic_TCs.ReadingsTCs@1a3869f4] output={null}]]]>
              </value>
            </param>
          </params>
          <reporter-output>
          </reporter-output>
        </test-method> <!-- getResult -->
        <test-method status="PASS" signature="Add_Oxygen_Level(java.lang.String, java.lang.String, java.lang.String)[pri:5, instance:englishArabic_TCs.ReadingsTCs@1a3869f4]" name="Add_Oxygen_Level" duration-ms="0" started-at="2019-12-25T15:40:50 EET" data-provider="Oxygen Level" depends-on-methods="englishArabic_TCs.ReadingsTCs.ShowAllReadingsCells" finished-at="2019-12-25T15:40:50 EET">
          <params>
            <param index="0">
              <value>
                <![CDATA[90]]>
              </value>
            </param>
            <param index="1">
              <value>
                <![CDATA[On Oxygen]]>
              </value>
            </param>
            <param index="2">
              <value>
                <![CDATA[Low]]>
              </value>
            </param>
          </params>
          <reporter-output>
          </reporter-output>
        </test-method> <!-- Add_Oxygen_Level -->
        <test-method status="PASS" signature="getResult(org.testng.ITestResult)[pri:0, instance:englishArabic_TCs.ReadingsTCs@1a3869f4]" name="getResult" is-config="true" duration-ms="30" started-at="2019-12-25T15:40:50 EET" finished-at="2019-12-25T15:40:50 EET">
          <params>
            <param index="0">
              <value>
                <![CDATA[[TestResult name=Add_Oxygen_Level status=SUCCESS method=ReadingsTCs.Add_Oxygen_Level(java.lang.String, java.lang.String, java.lang.String)[pri:5, instance:englishArabic_TCs.ReadingsTCs@1a3869f4] output={null}]]]>
              </value>
            </param>
          </params>
          <reporter-output>
          </reporter-output>
        </test-method> <!-- getResult -->
[...]
          <params>
            <param index="0">
              <value>
                <![CDATA[[TestResult name=Add_body_Fat status=SUCCESS method=ReadingsTCs.Add_body_Fat(java.lang.String, java.lang.String)[pri:13, instance:englishArabic_TCs.ReadingsTCs@1a3869f4] output={null}]]]>
              </value>
            </param>
          </params>
          <reporter-output>
          </reporter-output>
        </test-method> <!-- getResult -->
        <test-method status="PASS" signature="Add_body_Fat(java.lang.String, java.lang.String)[pri:13, instance:englishArabic_TCs.ReadingsTCs@1a3869f4]" name="Add_body_Fat" duration-ms="24465" started-at="2019-12-25T16:30:14 EET" data-provider="Body Fat" depends-on-methods="englishArabic_TCs.ReadingsTCs.ShowAllReadingsCells" finished-at="2019-12-25T16:30:38 EET">
          <params>
            <param index="0">
              <value>
                <![CDATA[20]]>
              </value>
            </param>
            <param index="1">
              <value>
                <![CDATA[Normal]]>
              </value>
            </param>
          </params>
          <reporter-output>
          </reporter-output>
        </test-method> <!-- Add_body_Fat -->
        <test-method status="PASS" signature="getResult(org.testng.ITestResult)[pri:0, instance:englishArabic_TCs.ReadingsTCs@1a3869f4]" name="getResult" is-config="true" duration-ms="48" started-at="2019-12-25T16:30:38 EET" finished-at="2019-12-25T16:30:38 EET">
          <params>
            <param index="0">
              <value>
                <![CDATA[[TestResult name=Add_body_Fat status=SUCCESS method=ReadingsTCs.Add_body_Fat(java.lang.String, java.lang.String)[pri:13, instance:englishArabic_TCs.ReadingsTCs@1a3869f4] output={null}]]]>
              </value>
            </param>
          </params>
          <reporter-output>
          </reporter-output>
        </test-method> <!-- getResult -->
        <test-method status="PASS" signature="Add_body_Fat(java.lang.String, java.lang.String)[pri:13, instance:englishArabic_TCs.ReadingsTCs@1a3869f4]" name="Add_body_Fat" duration-ms="27206" started-at="2019-12-25T16:30:38 EET" data-provider="Body Fat" depends-on-methods="englishArabic_TCs.ReadingsTCs.ShowAllReadingsCells" finished-at="2019-12-25T16:31:06 EET">
          <params>
            <param index="0">
              <value>
                <![CDATA[20.1]]>
              </value>
            </param>
            <param index="1">
              <value>
                <![CDATA[Above Normal]]>
              </value>
            </param>
          </params>
          <reporter-output>
          </reporter-output>
        </test-method> <!-- Add_body_Fat -->
        <test-method status="PASS" signature="getResult(org.testng.ITestResult)[pri:0, instance:englishArabic_TCs.ReadingsTCs@1a3869f4]" name="getResult" is-config="true" duration-ms="34" started-at="2019-12-25T16:31:06 EET" finished-at="2019-12-25T16:31:06 EET">
          <params>
            <param index="0">
              <value>
                <![CDATA[[TestResult name=Add_body_Fat status=SUCCESS method=ReadingsTCs.Add_body_Fat(java.lang.String, java.lang.String)[pri:13, instance:englishArabic_TCs.ReadingsTCs@1a3869f4] output={null}]]]>
              </value>
            </param>
          </params>
          <reporter-output>
          </reporter-output>
        </test-method> <!-- getResult -->
        <test-method status="PASS" signature="Add_body_Fat(java.lang.String, java.lang.String)[pri:13, instance:englishArabic_TCs.ReadingsTCs@1a3869f4]" name="Add_body_Fat" duration-ms="27451" started-at="2019-12-25T16:31:06 EET" data-provider="Body Fat" depends-on-methods="englishArabic_TCs.ReadingsTCs.ShowAllReadingsCells" finished-at="2019-12-25T16:31:33 EET">
          <params>
            <param index="0">
              <value>
                <![CDATA[31.9]]>
              </value>
            </param>
            <param index="1">
              <value>
                <![CDATA[Above Normal]]>
              </value>
            </param>
          </params>
          <reporter-output>
          </reporter-output>
        </test-method> <!-- Add_body_Fat -->
        <test-method status="PASS" signature="getResult(org.testng.ITestResult)[pri:0, instance:englishArabic_TCs.ReadingsTCs@1a3869f4]" name="getResult" is-config="true" duration-ms="40" started-at="2019-12-25T16:31:33 EET" finished-at="2019-12-25T16:31:33 EET">
          <params>
            <param index="0">
              <value>
                <![CDATA[[TestResult name=Add_body_Fat status=SUCCESS method=ReadingsTCs.Add_body_Fat(java.lang.String, java.lang.String)[pri:13, instance:englishArabic_TCs.ReadingsTCs@1a3869f4] output={null}]]]>
              </value>
            </param>
          </params>
          <reporter-output>
          </reporter-output>
        </test-method> <!-- getResult -->
        <test-method status="PASS" signature="Add_body_Fat(java.lang.String, java.lang.String)[pri:13, instance:englishArabic_TCs.ReadingsTCs@1a3869f4]" name="Add_body_Fat" duration-ms="26764" started-at="2019-12-25T16:31:33 EET" data-provider="Body Fat" depends-on-methods="englishArabic_TCs.ReadingsTCs.ShowAllReadingsCells" finished-at="2019-12-25T16:32:00 EET">
          <params>
            <param index="0">
              <value>
                <![CDATA[32]]>
              </value>
            </param>
            <param index="1">
              <value>
                <![CDATA[High]]>
              </value>
            </param>
          </params>
          <reporter-output>
          </reporter-output>
        </test-method> <!-- Add_body_Fat -->
        <test-method status="PASS" signature="getResult(org.testng.ITestResult)[pri:0, instance:englishArabic_TCs.ReadingsTCs@1a3869f4]" name="getResult" is-config="true" duration-ms="78" started-at="2019-12-25T16:32:00 EET" finished-at="2019-12-25T16:32:00 EET">
          <params>
            <param index="0">
              <value>
                <![CDATA[[TestResult name=Add_body_Fat status=SUCCESS method=ReadingsTCs.Add_body_Fat(java.lang.String, java.lang.String)[pri:13, instance:englishArabic_TCs.ReadingsTCs@1a3869f4] output={null}]]]>
              </value>
            </param>
          </params>
          <reporter-output>
          </reporter-output>
        </test-method> <!-- getResult -->
        <test-method status="PASS" signature="Add_body_Fat(java.lang.String, java.lang.String)[pri:13, instance:englishArabic_TCs.ReadingsTCs@1a3869f4]" name="Add_body_Fat" duration-ms="27167" started-at="2019-12-25T16:32:00 EET" data-provider="Body Fat" depends-on-methods="englishArabic_TCs.ReadingsTCs.ShowAllReadingsCells" finished-at="2019-12-25T16:32:27 EET">
          <params>
            <param index="0">
              <value>
                <![CDATA[100]]>
              </value>
            </param>
            <param index="1">
              <value>
                <![CDATA[High]]>
              </value>
            </param>
          </params>
          <reporter-output>
          </reporter-output>
        </test-method> <!-- Add_body_Fat -->
        <test-method status="PASS" signature="getResult(org.testng.ITestResult)[pri:0, instance:englishArabic_TCs.ReadingsTCs@1a3869f4]" name="getResult" is-config="true" duration-ms="34" started-at="2019-12-25T16:32:27 EET" finished-at="2019-12-25T16:32:27 EET">
          <params>
            <param index="0">
              <value>
                <![CDATA[[TestResult name=Add_body_Fat status=SUCCESS method=ReadingsTCs.Add_body_Fat(java.lang.String, java.lang.String)[pri:13, instance:englishArabic_TCs.ReadingsTCs@1a3869f4] output={null}]]]>
              </value>
            </param>
          </params>
          <reporter-output>
          </reporter-output>
        </test-method> <!-- getResult -->
        <test-method status="PASS" signature="Add_body_Water(java.lang.String, java.lang.String)[pri:14, instance:englishArabic_TCs.ReadingsTCs@1a3869f4]" name="Add_body_Water" duration-ms="27589" started-at="2019-12-25T16:32:27 EET" data-provider="Body Water" depends-on-methods="englishArabic_TCs.ReadingsTCs.ShowAllReadingsCells" finished-at="2019-12-25T16:32:55 EET">
          <params>
            <param index="0">
              <value>
                <![CDATA[1]]>
              </value>
            </param>
            <param index="1">
              <value>
                <![CDATA[Below Normal]]>
              </value>
            </param>
          </params>
          <reporter-output>
          </reporter-output>
        </test-method> <!-- Add_body_Water -->
        <test-method status="PASS" signature="getResult(org.testng.ITestResult)[pri:0, instance:englishArabic_TCs.ReadingsTCs@1a3869f4]" name="getResult" is-config="true" duration-ms="37" started-at="2019-12-25T16:32:55 EET" finished-at="2019-12-25T16:32:55 EET">
          <params>
            <param index="0">
              <value>
                <![CDATA[[TestResult name=Add_body_Water status=SUCCESS method=ReadingsTCs.Add_body_Water(java.lang.String, java.lang.String)[pri:14, instance:englishArabic_TCs.ReadingsTCs@1a3869f4] output={null}]]]>
              </value>
            </param>
          </params>
          <reporter-output>
          </reporter-output>
        </test-method> <!-- getResult -->
        <test-method status="PASS" signature="Add_body_Water(java.lang.String, java.lang.String)[pri:14, instance:englishArabic_TCs.ReadingsTCs@1a3869f4]" name="Add_body_Water" duration-ms="27276" started-at="2019-12-25T16:32:55 EET" data-provider="Body Water" depends-on-methods="englishArabic_TCs.ReadingsTCs.ShowAllReadingsCells" finished-at="2019-12-25T16:33:22 EET">
          <params>
            <param index="0">
              <value>
                <![CDATA[49.9]]>
              </value>
            </param>
            <param index="1">
              <value>
                <![CDATA[Below Normal]]>
              </value>
            </param>
          </params>
          <reporter-output>
          </reporter-output>
        </test-method> <!-- Add_body_Water -->
        <test-method status="PASS" signature="getResult(org.testng.ITestResult)[pri:0, instance:englishArabic_TCs.ReadingsTCs@1a3869f4]" name="getResult" is-config="true" duration-ms="39" started-at="2019-12-25T16:33:22 EET" finished-at="2019-12-25T16:33:22 EET">
          <params>
            <param index="0">
              <value>
                <![CDATA[[TestResult name=Add_body_Water status=SUCCESS method=ReadingsTCs.Add_body_Water(java.lang.String, java.lang.String)[pri:14, instance:englishArabic_TCs.ReadingsTCs@1a3869f4] output={null}]]]>
              </value>
            </param>
          </params>
          <reporter-output>
          </reporter-output>
        </test-method> <!-- getResult -->
        <test-method status="PASS" signature="Add_body_Water(java.lang.String, java.lang.String)[pri:14, instance:englishArabic_TCs.ReadingsTCs@1a3869f4]" name="Add_body_Water" duration-ms="27298" started-at="2019-12-25T16:33:22 EET" data-provider="Body Water" depends-on-methods="englishArabic_TCs.ReadingsTCs.ShowAllReadingsCells" finished-at="2019-12-25T16:33:49 EET">
          <params>
            <param index="0">
              <value>
                <![CDATA[50]]>
              </value>
            </param>
            <param index="1">
              <value>
                <![CDATA[Normal]]>
              </value>
            </param>
          </params>
          <reporter-output>
          </reporter-output>
        </test-method> <!-- Add_body_Water -->
        <test-method status="PASS" signature="getResult(org.testng.ITestResult)[pri:0, instance:englishArabic_TCs.ReadingsTCs@1a3869f4]" name="getResult" is-config="true" duration-ms="40" started-at="2019-12-25T16:33:49 EET" finished-at="2019-12-25T16:33:50 EET">
          <params>
            <param index="0">
              <value>
                <![CDATA[[TestResult name=Add_body_Water status=SUCCESS method=ReadingsTCs.Add_body_Water(java.lang.String, java.lang.String)[pri:14, instance:englishArabic_TCs.ReadingsTCs@1a3869f4] output={null}]]]>
              </value>
            </param>
          </params>
          <reporter-output>
          </reporter-output>
        </test-method> <!-- getResult -->
        <test-method status="PASS" signature="Add_body_Water(java.lang.String, java.lang.String)[pri:14, instance:englishArabic_TCs.ReadingsTCs@1a3869f4]" name="Add_body_Water" duration-ms="26761" started-at="2019-12-25T16:33:50 EET" data-provider="Body Water" depends-on-methods="englishArabic_TCs.ReadingsTCs.ShowAllReadingsCells" finished-at="2019-12-25T16:34:16 EET">
          <params>
            <param index="0">
              <value>
                <![CDATA[65]]>
              </value>
            </param>
            <param index="1">
              <value>
                <![CDATA[Normal]]>
              </value>
            </param>
          </params>
          <reporter-output>
          </reporter-output>
        </test-method> <!-- Add_body_Water -->
        <test-method status="PASS" signature="getResult(org.testng.ITestResult)[pri:0, instance:englishArabic_TCs.ReadingsTCs@1a3869f4]" name="getResult" is-config="true" duration-ms="33" started-at="2019-12-25T16:34:16 EET" finished-at="2019-12-25T16:34:16 EET">
          <params>
            <param index="0">
              <value>
                <![CDATA[[TestResult name=Add_body_Water status=SUCCESS method=ReadingsTCs.Add_body_Water(java.lang.String, java.lang.String)[pri:14, instance:englishArabic_TCs.ReadingsTCs@1a3869f4] output={null}]]]>
              </value>
            </param>
          </params>
          <reporter-output>
          </reporter-output>
        </test-method> <!-- getResult -->
        <test-method status="PASS" signature="Add_body_Water(java.lang.String, java.lang.String)[pri:14, instance:englishArabic_TCs.ReadingsTCs@1a3869f4]" name="Add_body_Water" duration-ms="24515" started-at="2019-12-25T16:34:16 EET" data-provider="Body Water" depends-on-methods="englishArabic_TCs.ReadingsTCs.ShowAllReadingsCells" finished-at="2019-12-25T16:34:41 EET">
          <params>
            <param index="0">
              <value>
                <![CDATA[65.1]]>
              </value>
            </param>
            <param index="1">
              <value>
                <![CDATA[Above Normal]]>
              </value>
            </param>
          </params>
          <reporter-output>
          </reporter-output>
        </test-method> <!-- Add_body_Water -->
        <test-method status="PASS" signature="getResult(org.testng.ITestResult)[pri:0, instance:englishArabic_TCs.ReadingsTCs@1a3869f4]" name="getResult" is-config="true" duration-ms="48" started-at="2019-12-25T16:34:41 EET" finished-at="2019-12-25T16:34:41 EET">
          <params>
            <param index="0">
              <value>
                <![CDATA[[TestResult name=Add_body_Water status=SUCCESS method=ReadingsTCs.Add_body_Water(java.lang.String, java.lang.String)[pri:14, instance:englishArabic_TCs.ReadingsTCs@1a3869f4] output={null}]]]>
              </value>
            </param>
          </params>
          <reporter-output>
          </reporter-output>
        </test-method> <!-- getResult -->
        <test-method status="PASS" signature="Add_body_Water(java.lang.String, java.lang.String)[pri:14, instance:englishArabic_TCs.ReadingsTCs@1a3869f4]" name="Add_body_Water" duration-ms="28104" started-at="2019-12-25T16:34:41 EET" data-provider="Body Water" depends-on-methods="englishArabic_TCs.ReadingsTCs.ShowAllReadingsCells" finished-at="2019-12-25T16:35:09 EET">
          <params>
            <param index="0">
              <value>
                <![CDATA[100]]>
              </value>
            </param>
            <param index="1">
              <value>
                <![CDATA[Above Normal]]>
              </value>
            </param>
          </params>
          <reporter-output>
          </reporter-output>
        </test-method> <!-- Add_body_Water -->
        <test-method status="PASS" signature="getResult(org.testng.ITestResult)[pri:0, instance:englishArabic_TCs.ReadingsTCs@1a3869f4]" name="getResult" is-config="true" duration-ms="41" started-at="2019-12-25T16:35:09 EET" finished-at="2019-12-25T16:35:09 EET">
          <params>
            <param index="0">
              <value>
                <![CDATA[[TestResult name=Add_body_Water status=SUCCESS method=ReadingsTCs.Add_body_Water(java.lang.String, java.lang.String)[pri:14, instance:englishArabic_TCs.ReadingsTCs@1a3869f4] output={null}]]]>
              </value>
            </param>
          </params>
          <reporter-output>
          </reporter-output>
        </test-method> <!-- getResult -->
        <test-method status="PASS" signature="Add_Fasceral_Fat(java.lang.String)[pri:15, instance:englishArabic_TCs.ReadingsTCs@1a3869f4]" name="Add_Fasceral_Fat" duration-ms="20673" started-at="2019-12-25T16:35:09 EET" data-provider="Visceral Fat Rating" depends-on-methods="englishArabic_TCs.ReadingsTCs.ShowAllReadingsCells" finished-at="2019-12-25T16:35:30 EET">
          <params>
            <param index="0">
              <value>
                <![CDATA[1]]>
              </value>
            </param>
          </params>
          <reporter-output>
          </reporter-output>
        </test-method> <!-- Add_Fasceral_Fat -->
        <test-method status="PASS" signature="getResult(org.testng.ITestResult)[pri:0, instance:englishArabic_TCs.ReadingsTCs@1a3869f4]" name="getResult" is-config="true" duration-ms="40" started-at="2019-12-25T16:35:30 EET" finished-at="2019-12-25T16:35:30 EET">
          <params>
            <param index="0">
              <value>
                <![CDATA[[TestResult name=Add_Fasceral_Fat status=SUCCESS method=ReadingsTCs.Add_Fasceral_Fat(java.lang.String)[pri:15, instance:englishArabic_TCs.ReadingsTCs@1a3869f4] output={null}]]]>
              </value>
            </param>
          </params>
          <reporter-output>
          </reporter-output>
        </test-method> <!-- getResult -->
        <test-method status="PASS" signature="Add_Fasceral_Fat(java.lang.String)[pri:15, instance:englishArabic_TCs.ReadingsTCs@1a3869f4]" name="Add_Fasceral_Fat" duration-ms="20762" started-at="2019-12-25T16:35:30 EET" data-provider="Visceral Fat Rating" depends-on-methods="englishArabic_TCs.ReadingsTCs.ShowAllReadingsCells" finished-at="2019-12-25T16:35:51 EET">
          <params>
            <param index="0">
              <value>
                <![CDATA[99]]>
              </value>
            </param>
          </params>
          <reporter-output>
          </reporter-output>
        </test-method> <!-- Add_Fasceral_Fat -->
        <test-method status="PASS" signature="getResult(org.testng.ITestResult)[pri:0, instance:englishArabic_TCs.ReadingsTCs@1a3869f4]" name="getResult" is-config="true" duration-ms="62" started-at="2019-12-25T16:35:51 EET" finished-at="2019-12-25T16:35:51 EET">
          <params>
            <param index="0">
              <value>
                <![CDATA[[TestResult name=Add_Fasceral_Fat status=SUCCESS method=ReadingsTCs.Add_Fasceral_Fat(java.lang.String)[pri:15, instance:englishArabic_TCs.ReadingsTCs@1a3869f4] output={null}]]]>
              </value>
            </param>
          </params>
          <reporter-output>
          </reporter-output>
        </test-method> <!-- getResult -->
        <test-method status="PASS" signature="CloseApp()[pri:0, instance:englishArabic_TCs.ReadingsTCs@1a3869f4]" name="CloseApp" is-config="true" duration-ms="2193" started-at="2019-12-25T16:35:51 EET" finished-at="2019-12-25T16:35:53 EET">
          <reporter-output>
          </reporter-output>
        </test-method> <!-- CloseApp -->
      </class> <!-- englishArabic_TCs.ReadingsTCs -->
    </test> <!-- Default test -->
  </suite> <!-- Default suite -->
</testng-results>
